[0806/231356.106:ERROR:process_memory_win.cc(73)] ReadMemory at 0x7ff622a30000 of 64 bytes failed: Only part of a ReadProcessMemory or WriteProcessMemory request was completed. (0x12B)
[0806/231358.378:WARNING:pe_image_reader.cc(340)] could not read dos header from C:\Program Files (x86)\Google\Chrome\Application\chrome.exe
[0806/231358.378:ERROR:process_memory_win.cc(73)] ReadMemory at 0x7ffb6e040000 of 64 bytes failed: Only part of a ReadProcessMemory or WriteProcessMemory request was completed. (0x12B)
[0806/231358.378:WARNING:pe_image_reader.cc(340)] could not read dos header from C:\Windows\SYSTEM32\ntdll.dll
[0806/231358.378:ERROR:process_memory_win.cc(73)] ReadMemory at 0x7ffb6b4c0000 of 64 bytes failed: Only part of a ReadProcessMemory or WriteProcessMemory request was completed. (0x12B)
[0806/231358.379:WARNING:pe_image_reader.cc(340)] could not read dos header from C:\Windows\System32\KERNEL32.DLL
[0806/231358.379:ERROR:process_memory_win.cc(73)] ReadMemory at 0x7ffb6a130000 of 64 bytes failed: Only part of a ReadProcessMemory or WriteProcessMemory request was completed. (0x12B)
[0806/231358.379:WARNING:pe_image_reader.cc(340)] could not read dos header from C:\Windows\System32\KERNELBASE.dll
[0806/231358.380:ERROR:process_memory_win.cc(73)] ReadMemory at 0x7ffb6c0d0000 of 64 bytes failed: Only part of a ReadProcessMemory or WriteProcessMemory request was completed. (0x12B)
[0806/231358.380:WARNING:pe_image_reader.cc(340)] could not read dos header from C:\Windows\System32\SHELL32.dll
[0806/231358.380:ERROR:process_memory_win.cc(73)] ReadMemory at 0x7ffb6df70000 of 64 bytes failed: Only part of a ReadProcessMemory or WriteProcessMemory request was completed. (0x12B)
[0806/231358.380:WARNING:pe_image_reader.cc(340)] could not read dos header from C:\Windows\System32\msvcrt.dll
[0806/231358.380:ERROR:process_memory_win.cc(73)] ReadMemory at 0x7ffb6b0f0000 of 64 bytes failed: Only part of a ReadProcessMemory or WriteProcessMemory request was completed. (0x12B)
[0806/231358.380:WARNING:pe_image_reader.cc(340)] could not read dos header from C:\Windows\System32\cfgmgr32.dll
[0806/231358.380:ERROR:process_memory_win.cc(73)] ReadMemory at 0x7ffb6b170000 of 64 bytes failed: Only part of a ReadProcessMemory or WriteProcessMemory request was completed. (0x12B)
[0806/231358.380:WARNING:pe_image_reader.cc(340)] could not read dos header from C:\Windows\System32\ucrtbase.dll
[0806/231358.380:ERROR:process_memory_win.cc(73)] ReadMemory at 0x7ffb6dc50000 of 64 bytes failed: Only part of a ReadProcessMemory or WriteProcessMemory request was completed. (0x12B)
[0806/231358.380:WARNING:pe_image_reader.cc(340)] could not read dos header from C:\Windows\System32\shcore.dll
[0806/231358.380:ERROR:process_memory_win.cc(73)] ReadMemory at 0x7ffb6d5c0000 of 64 bytes failed: Only part of a ReadProcessMemory or WriteProcessMemory request was completed. (0x12B)
[0806/231358.380:WARNING:pe_image_reader.cc(340)] could not read dos header from C:\Windows\System32\RPCRT4.dll
[0806/231358.380:ERROR:process_memory_win.cc(73)] ReadMemory at 0x7ffb6d7c0000 of 64 bytes failed: Only part of a ReadProcessMemory or WriteProcessMemory request was completed. (0x12B)
[0806/231358.380:WARNING:pe_image_reader.cc(340)] could not read dos header from C:\Windows\System32\combase.dll
[0806/231358.380:ERROR:process_memory_win.cc(73)] ReadMemory at 0x7ffb6ab80000 of 64 bytes failed: Only part of a ReadProcessMemory or WriteProcessMemory request was completed. (0x12B)
[0806/231358.380:WARNING:pe_image_reader.cc(340)] could not read dos header from C:\Windows\System32\bcryptPrimitives.dll
[0806/231358.380:ERROR:process_memory_win.cc(73)] ReadMemory at 0x7ffb6a430000 of 64 bytes failed: Only part of a ReadProcessMemory or WriteProcessMemory request was completed. (0x12B)
[0806/231358.380:WARNING:pe_image_reader.cc(340)] could not read dos header from C:\Windows\System32\windows.storage.dll
[0806/231358.380:ERROR:process_memory_win.cc(73)] ReadMemory at 0x7ffb6ae00000 of 64 bytes failed: Only part of a ReadProcessMemory or WriteProcessMemory request was completed. (0x12B)
[0806/231358.380:WARNING:pe_image_reader.cc(340)] could not read dos header from C:\Windows\System32\msvcp_win.dll
[0806/231358.381:ERROR:process_memory_win.cc(73)] ReadMemory at 0x7ffb6dd00000 of 64 bytes failed: Only part of a ReadProcessMemory or WriteProcessMemory request was completed. (0x12B)
[0806/231358.381:WARNING:pe_image_reader.cc(340)] could not read dos header from C:\Windows\System32\sechost.dll
[0806/231358.381:ERROR:process_memory_win.cc(73)] ReadMemory at 0x7ffb6b270000 of 64 bytes failed: Only part of a ReadProcessMemory or WriteProcessMemory request was completed. (0x12B)
[0806/231358.381:WARNING:pe_image_reader.cc(340)] could not read dos header from C:\Windows\System32\advapi32.dll
[0806/231358.381:ERROR:process_memory_win.cc(73)] ReadMemory at 0x7ffb6a0e0000 of 64 bytes failed: Only part of a ReadProcessMemory or WriteProcessMemory request was completed. (0x12B)
[0806/231358.381:WARNING:pe_image_reader.cc(340)] could not read dos header from C:\Windows\System32\profapi.dll
[0806/231358.381:ERROR:process_memory_win.cc(73)] ReadMemory at 0x7ffb6a060000 of 64 bytes failed: Only part of a ReadProcessMemory or WriteProcessMemory request was completed. (0x12B)
[0806/231358.381:WARNING:pe_image_reader.cc(340)] could not read dos header from C:\Windows\System32\powrprof.dll
[0806/231358.381:ERROR:process_memory_win.cc(73)] ReadMemory at 0x7ffb6dda0000 of 64 bytes failed: Only part of a ReadProcessMemory or WriteProcessMemory request was completed. (0x12B)
[0806/231358.381:WARNING:pe_image_reader.cc(340)] could not read dos header from C:\Windows\System32\shlwapi.dll
[0806/231358.381:ERROR:process_memory_win.cc(73)] ReadMemory at 0x7ffb6c0a0000 of 64 bytes failed: Only part of a ReadProcessMemory or WriteProcessMemory request was completed. (0x12B)
[0806/231358.381:WARNING:pe_image_reader.cc(340)] could not read dos header from C:\Windows\System32\GDI32.dll
[0806/231358.381:ERROR:process_memory_win.cc(73)] ReadMemory at 0x7ffb6af50000 of 64 bytes failed: Only part of a ReadProcessMemory or WriteProcessMemory request was completed. (0x12B)
[0806/231358.381:WARNING:pe_image_reader.cc(340)] could not read dos header from C:\Windows\System32\gdi32full.dll
[0806/231358.381:ERROR:process_memory_win.cc(73)] ReadMemory at 0x7ffb6bd50000 of 64 bytes failed: Only part of a ReadProcessMemory or WriteProcessMemory request was completed. (0x12B)
[0806/231358.381:WARNING:pe_image_reader.cc(340)] could not read dos header from C:\Windows\System32\USER32.dll
[0806/231358.381:ERROR:process_memory_win.cc(73)] ReadMemory at 0x7ffb6a110000 of 64 bytes failed: Only part of a ReadProcessMemory or WriteProcessMemory request was completed. (0x12B)
[0806/231358.381:WARNING:pe_image_reader.cc(340)] could not read dos header from C:\Windows\System32\win32u.dll
[0806/231358.381:ERROR:process_memory_win.cc(73)] ReadMemory at 0x7ffb6a040000 of 64 bytes failed: Only part of a ReadProcessMemory or WriteProcessMemory request was completed. (0x12B)
[0806/231358.381:WARNING:pe_image_reader.cc(340)] could not read dos header from C:\Windows\System32\kernel.appcore.dll
[0806/231358.381:ERROR:process_memory_win.cc(73)] ReadMemory at 0x7ffb6ac00000 of 64 bytes failed: Only part of a ReadProcessMemory or WriteProcessMemory request was completed. (0x12B)
[0806/231358.381:WARNING:pe_image_reader.cc(340)] could not read dos header from C:\Windows\System32\cryptsp.dll
[0806/231358.382:ERROR:process_memory_win.cc(73)] ReadMemory at 0x7ffb45ee0000 of 64 bytes failed: Only part of a ReadProcessMemory or WriteProcessMemory request was completed. (0x12B)
[0806/231358.382:WARNING:pe_image_reader.cc(340)] could not read dos header from C:\Program Files (x86)\Google\Chrome\Application\75.0.3770.142\chrome_elf.dll
[0806/231358.382:ERROR:process_memory_win.cc(73)] ReadMemory at 0x7ffb63460000 of 64 bytes failed: Only part of a ReadProcessMemory or WriteProcessMemory request was completed. (0x12B)
[0806/231358.382:WARNING:pe_image_reader.cc(340)] could not read dos header from C:\Windows\SYSTEM32\VERSION.dll
[0806/231358.382:ERROR:process_memory_win.cc(73)] ReadMemory at 0x7ffb62e20000 of 64 bytes failed: Only part of a ReadProcessMemory or WriteProcessMemory request was completed. (0x12B)
[0806/231358.382:WARNING:pe_image_reader.cc(340)] could not read dos header from C:\Windows\SYSTEM32\WINMM.dll
[0806/231358.382:ERROR:process_memory_win.cc(73)] ReadMemory at 0x7ffb69f40000 of 64 bytes failed: Only part of a ReadProcessMemory or WriteProcessMemory request was completed. (0x12B)
[0806/231358.382:WARNING:pe_image_reader.cc(340)] could not read dos header from C:\Windows\SYSTEM32\USERENV.dll
[0806/231358.382:ERROR:process_memory_win.cc(73)] ReadMemory at 0x7ffb62df0000 of 64 bytes failed: Only part of a ReadProcessMemory or WriteProcessMemory request was completed. (0x12B)
[0806/231358.382:WARNING:pe_image_reader.cc(340)] could not read dos header from C:\Windows\SYSTEM32\WINMMBASE.dll
[0806/231358.382:ERROR:process_memory_win.cc(73)] ReadMemory at 0x7ffb69a80000 of 64 bytes failed: Only part of a ReadProcessMemory or WriteProcessMemory request was completed. (0x12B)
[0806/231358.382:WARNING:pe_image_reader.cc(340)] could not read dos header from C:\Windows\SYSTEM32\CRYPTBASE.DLL
[0806/231358.382:ERROR:process_memory_win.cc(73)] ReadMemory at 0x7ffb6dc20000 of 64 bytes failed: Only part of a ReadProcessMemory or WriteProcessMemory request was completed. (0x12B)
[0806/231358.382:WARNING:pe_image_reader.cc(340)] could not read dos header from C:\Windows\System32\IMM32.DLL
[0806/231358.382:ERROR:process_memory_win.cc(73)] ReadMemory at 0x7ffb20e90000 of 64 bytes failed: Only part of a ReadProcessMemory or WriteProcessMemory request was completed. (0x12B)
[0806/231358.382:WARNING:pe_image_reader.cc(340)] could not read dos header from C:\Program Files (x86)\Google\Chrome\Application\75.0.3770.142\chrome_child.dll
[0806/231358.382:ERROR:process_memory_win.cc(73)] ReadMemory at 0x7ffb6d750000 of 64 bytes failed: Only part of a ReadProcessMemory or WriteProcessMemory request was completed. (0x12B)
[0806/231358.382:WARNING:pe_image_reader.cc(340)] could not read dos header from C:\Windows\System32\WS2_32.dll
[0806/231358.382:ERROR:process_memory_win.cc(73)] ReadMemory at 0x7ffb6de10000 of 64 bytes failed: Only part of a ReadProcessMemory or WriteProcessMemory request was completed. (0x12B)
[0806/231358.382:WARNING:pe_image_reader.cc(340)] could not read dos header from C:\Windows\System32\ole32.dll
[0806/231358.382:ERROR:process_memory_win.cc(73)] ReadMemory at 0x24b2b230000 of 64 bytes failed: Only part of a ReadProcessMemory or WriteProcessMemory request was completed. (0x12B)
[0806/231358.383:WARNING:pe_image_reader.cc(340)] could not read dos header from C:\Windows\System32\OLEAUT32.dll
[0806/231358.383:ERROR:process_memory_win.cc(73)] ReadMemory at 0x7ffb6a3d0000 of 64 bytes failed: Only part of a ReadProcessMemory or WriteProcessMemory request was completed. (0x12B)
[0806/231358.383:WARNING:pe_image_reader.cc(340)] could not read dos header from C:\Windows\System32\WINTRUST.dll
[0806/231358.383:ERROR:process_memory_win.cc(73)] ReadMemory at 0x7ffb6a0c0000 of 64 bytes failed: Only part of a ReadProcessMemory or WriteProcessMemory request was completed. (0x12B)
[0806/231358.383:WARNING:pe_image_reader.cc(340)] could not read dos header from C:\Windows\System32\MSASN1.dll
[0806/231358.383:ERROR:process_memory_win.cc(73)] ReadMemory at 0x7ffb6ac20000 of 64 bytes failed: Only part of a ReadProcessMemory or WriteProcessMemory request was completed. (0x12B)
[0806/231358.383:WARNING:pe_image_reader.cc(340)] could not read dos header from C:\Windows\System32\CRYPT32.dll
[0806/231358.383:ERROR:process_memory_win.cc(73)] ReadMemory at 0x7ffb6daf0000 of 64 bytes failed: Only part of a ReadProcessMemory or WriteProcessMemory request was completed. (0x12B)
[0806/231358.383:WARNING:pe_image_reader.cc(340)] could not read dos header from C:\Windows\System32\COMDLG32.dll
[0806/231358.383:ERROR:process_memory_win.cc(73)] ReadMemory at 0x7ffb69610000 of 64 bytes failed: Only part of a ReadProcessMemory or WriteProcessMemory request was completed. (0x12B)
[0806/231358.383:WARNING:pe_image_reader.cc(340)] could not read dos header from C:\Windows\SYSTEM32\IPHLPAPI.DLL
[0806/231358.383:ERROR:process_memory_win.cc(73)] ReadMemory at 0x7ffb65760000 of 64 bytes failed: Only part of a ReadProcessMemory or WriteProcessMemory request was completed. (0x12B)
[0806/231358.383:WARNING:pe_image_reader.cc(340)] could not read dos header from C:\Windows\SYSTEM32\OLEACC.dll
[0806/231358.383:ERROR:process_memory_win.cc(73)] ReadMemory at 0x7ffb57bb0000 of 64 bytes failed: Only part of a ReadProcessMemory or WriteProcessMemory request was completed. (0x12B)
[0806/231358.383:WARNING:pe_image_reader.cc(340)] could not read dos header from C:\Windows\SYSTEM32\UIAutomationCore.DLL
[0806/231358.383:ERROR:process_memory_win.cc(73)] ReadMemory at 0x7ffb66a10000 of 64 bytes failed: Only part of a ReadProcessMemory or WriteProcessMemory request was completed. (0x12B)
[0806/231358.383:WARNING:pe_image_reader.cc(340)] could not read dos header from C:\Windows\SYSTEM32\WTSAPI32.dll
[0806/231358.383:ERROR:process_memory_win.cc(73)] ReadMemory at 0x7ffb57e10000 of 64 bytes failed: Only part of a ReadProcessMemory or WriteProcessMemory request was completed. (0x12B)
[0806/231358.383:WARNING:pe_image_reader.cc(340)] could not read dos header from C:\Windows\SYSTEM32\DWrite.dll
[0806/231358.383:ERROR:process_memory_win.cc(73)] ReadMemory at 0x7ffb68e60000 of 64 bytes failed: Only part of a ReadProcessMemory or WriteProcessMemory request was completed. (0x12B)
[0806/231358.383:WARNING:pe_image_reader.cc(340)] could not read dos header from C:\Windows\SYSTEM32\dxgi.dll
[0806/231358.383:ERROR:process_memory_win.cc(73)] ReadMemory at 0x7ffb61950000 of 64 bytes failed: Only part of a ReadProcessMemory or WriteProcessMemory request was completed. (0x12B)
[0806/231358.384:WARNING:pe_image_reader.cc(340)] could not read dos header from C:\Windows\SYSTEM32\WINSPOOL.DRV
[0806/231358.384:ERROR:process_memory_win.cc(73)] ReadMemory at 0x7ffb6b140000 of 64 bytes failed: Only part of a ReadProcessMemory or WriteProcessMemory request was completed. (0x12B)
[0806/231358.384:WARNING:pe_image_reader.cc(340)] could not read dos header from C:\Windows\System32\bcrypt.dll
[0806/231358.384:ERROR:process_memory_win.cc(73)] ReadMemory at 0x7ffb62680000 of 64 bytes failed: Only part of a ReadProcessMemory or WriteProcessMemory request was completed. (0x12B)
[0806/231358.384:WARNING:pe_image_reader.cc(340)] could not read dos header from C:\Windows\SYSTEM32\dbghelp.dll
[0806/231358.384:ERROR:process_memory_win.cc(73)] ReadMemory at 0x7ffb61690000 of 64 bytes failed: Only part of a ReadProcessMemory or WriteProcessMemory request was completed. (0x12B)
[0806/231358.384:WARNING:pe_image_reader.cc(340)] could not read dos header from C:\Windows\WinSxS\amd64_microsoft.windows.common-controls_6595b64144ccf1df_6.0.17763.615_none_05b4414a072024d4\COMCTL32.dll
[0806/231358.384:ERROR:process_memory_win.cc(73)] ReadMemory at 0x7ffb60e00000 of 64 bytes failed: Only part of a ReadProcessMemory or WriteProcessMemory request was completed. (0x12B)
[0806/231358.384:WARNING:pe_image_reader.cc(340)] could not read dos header from C:\Windows\SYSTEM32\USP10.dll
[0806/231358.384:ERROR:process_memory_win.cc(73)] ReadMemory at 0x7ffb610e0000 of 64 bytes failed: Only part of a ReadProcessMemory or WriteProcessMemory request was completed. (0x12B)
[0806/231358.384:WARNING:pe_image_reader.cc(340)] could not read dos header from C:\Windows\SYSTEM32\WINHTTP.dll
[0806/231358.384:ERROR:process_memory_win.cc(73)] ReadMemory at 0x7ffb63170000 of 64 bytes failed: Only part of a ReadProcessMemory or WriteProcessMemory request was completed. (0x12B)
[0806/231358.384:WARNING:pe_image_reader.cc(340)] could not read dos header from C:\Windows\SYSTEM32\urlmon.dll
[0806/231358.384:ERROR:process_memory_win.cc(73)] ReadMemory at 0x7ffb5f5d0000 of 64 bytes failed: Only part of a ReadProcessMemory or WriteProcessMemory request was completed. (0x12B)
[0806/231358.384:WARNING:pe_image_reader.cc(340)] could not read dos header from C:\Windows\SYSTEM32\Secur32.dll
[0806/231358.384:ERROR:process_memory_win.cc(73)] ReadMemory at 0x7ffb642a0000 of 64 bytes failed: Only part of a ReadProcessMemory or WriteProcessMemory request was completed. (0x12B)
[0806/231358.384:WARNING:pe_image_reader.cc(340)] could not read dos header from C:\Windows\SYSTEM32\dhcpcsvc.DLL
[0806/231358.384:ERROR:process_memory_win.cc(73)] ReadMemory at 0x7ffb6b8a0000 of 64 bytes failed: Only part of a ReadProcessMemory or WriteProcessMemory request was completed. (0x12B)
[0806/231358.384:WARNING:pe_image_reader.cc(340)] could not read dos header from C:\Windows\System32\NSI.dll
[0806/231358.384:ERROR:process_memory_win.cc(73)] ReadMemory at 0x7ffb65700000 of 64 bytes failed: Only part of a ReadProcessMemory or WriteProcessMemory request was completed. (0x12B)
[0806/231358.384:WARNING:pe_image_reader.cc(340)] could not read dos header from C:\Windows\SYSTEM32\Bcp47Langs.dll
[0806/231358.385:ERROR:process_memory_win.cc(73)] ReadMemory at 0x7ffb66a90000 of 64 bytes failed: Only part of a ReadProcessMemory or WriteProcessMemory request was completed. (0x12B)
[0806/231358.385:WARNING:pe_image_reader.cc(340)] could not read dos header from C:\Windows\SYSTEM32\PROPSYS.dll
[0806/231358.385:ERROR:process_memory_win.cc(73)] ReadMemory at 0x7ffb5e350000 of 64 bytes failed: Only part of a ReadProcessMemory or WriteProcessMemory request was completed. (0x12B)
[0806/231358.385:WARNING:pe_image_reader.cc(340)] could not read dos header from C:\Windows\SYSTEM32\iertutil.dll
[0806/231358.385:ERROR:process_memory_win.cc(73)] ReadMemory at 0x7ffb69f70000 of 64 bytes failed: Only part of a ReadProcessMemory or WriteProcessMemory request was completed. (0x12B)
[0806/231358.385:WARNING:pe_image_reader.cc(340)] could not read dos header from C:\Windows\SYSTEM32\SSPICLI.DLL
[0806/231358.803:ERROR:process_memory_win.cc(73)] ReadMemory at 0xd6f4fed000 of 77824 bytes failed: Only part of a ReadProcessMemory or WriteProcessMemory request was completed. (0x12B)
[0806/231358.805:ERROR:process_memory_win.cc(73)] ReadMemory at 0xd6f51fd000 of 12288 bytes failed: Only part of a ReadProcessMemory or WriteProcessMemory request was completed. (0x12B)
[0806/231358.805:ERROR:process_memory_win.cc(73)] ReadMemory at 0xd6f55fc000 of 16384 bytes failed: Only part of a ReadProcessMemory or WriteProcessMemory request was completed. (0x12B)
[0806/231358.805:ERROR:process_memory_win.cc(73)] ReadMemory at 0xd6f57fb000 of 20480 bytes failed: Only part of a ReadProcessMemory or WriteProcessMemory request was completed. (0x12B)
[0806/231358.805:ERROR:process_memory_win.cc(73)] ReadMemory at 0xd6f59fe000 of 8192 bytes failed: Only part of a ReadProcessMemory or WriteProcessMemory request was completed. (0x12B)
[0806/231358.806:ERROR:process_memory_win.cc(73)] ReadMemory at 0xd6f5bfd000 of 12288 bytes failed: Only part of a ReadProcessMemory or WriteProcessMemory request was completed. (0x12B)
[0806/231358.806:ERROR:process_memory_win.cc(73)] ReadMemory at 0xd6f5dfb000 of 20480 bytes failed: Only part of a ReadProcessMemory or WriteProcessMemory request was completed. (0x12B)
[0806/231358.806:ERROR:process_memory_win.cc(73)] ReadMemory at 0xd6f61f6000 of 40960 bytes failed: Only part of a ReadProcessMemory or WriteProcessMemory request was completed. (0x12B)
[0806/231358.806:ERROR:process_memory_win.cc(73)] ReadMemory at 0xd6f63f7000 of 36864 bytes failed: Only part of a ReadProcessMemory or WriteProcessMemory request was completed. (0x12B)
[0806/231358.807:ERROR:process_memory_win.cc(73)] ReadMemory at 0xd6f65fd000 of 12288 bytes failed: Only part of a ReadProcessMemory or WriteProcessMemory request was completed. (0x12B)
[0806/231358.807:ERROR:process_memory_win.cc(73)] ReadMemory at 0xd6f5ffd000 of 12288 bytes failed: Only part of a ReadProcessMemory or WriteProcessMemory request was completed. (0x12B)
[0806/231358.807:ERROR:process_memory_win.cc(73)] ReadMemory at 0xd6f67f5000 of 45056 bytes failed: Only part of a ReadProcessMemory or WriteProcessMemory request was completed. (0x12B)
[0806/231358.807:ERROR:process_memory_win.cc(73)] ReadMemory at 0xd6f53f5000 of 45056 bytes failed: Only part of a ReadProcessMemory or WriteProcessMemory request was completed. (0x12B)
[0806/231358.807:ERROR:process_memory_win.cc(73)] ReadMemory at 0xd6f69fc000 of 16384 bytes failed: Only part of a ReadProcessMemory or WriteProcessMemory request was completed. (0x12B)
[0806/231358.808:ERROR:process_memory_win.cc(73)] ReadMemory at 0xd6f6bfe000 of 8192 bytes failed: Only part of a ReadProcessMemory or WriteProcessMemory request was completed. (0x12B)
[0806/231358.808:ERROR:process_memory_win.cc(73)] ReadMemory at 0xd6f4c54000 of 852 bytes failed: Only part of a ReadProcessMemory or WriteProcessMemory request was completed. (0x12B)
[0806/231358.808:ERROR:process_memory_win.cc(73)] ReadMemory at 0xd6f4c55000 of 6024 bytes failed: Only part of a ReadProcessMemory or WriteProcessMemory request was completed. (0x12B)
[0806/231358.808:ERROR:process_memory_win.cc(73)] ReadMemory at 0xd6f4c57000 of 6024 bytes failed: Only part of a ReadProcessMemory or WriteProcessMemory request was completed. (0x12B)
[0806/231358.808:ERROR:process_memory_win.cc(73)] ReadMemory at 0xd6f4c5b000 of 6024 bytes failed: Only part of a ReadProcessMemory or WriteProcessMemory request was completed. (0x12B)
[0806/231358.808:ERROR:process_memory_win.cc(73)] ReadMemory at 0xd6f4c5d000 of 6024 bytes failed: Only part of a ReadProcessMemory or WriteProcessMemory request was completed. (0x12B)
[0806/231358.809:ERROR:process_memory_win.cc(73)] ReadMemory at 0xd6f4c5f000 of 6024 bytes failed: Only part of a ReadProcessMemory or WriteProcessMemory request was completed. (0x12B)
[0806/231358.809:ERROR:process_memory_win.cc(73)] ReadMemory at 0xd6f4c61000 of 6024 bytes failed: Only part of a ReadProcessMemory or WriteProcessMemory request was completed. (0x12B)
[0806/231358.809:ERROR:process_memory_win.cc(73)] ReadMemory at 0xd6f4c63000 of 6024 bytes failed: Only part of a ReadProcessMemory or WriteProcessMemory request was completed. (0x12B)
[0806/231358.809:ERROR:process_memory_win.cc(73)] ReadMemory at 0xd6f4c67000 of 6024 bytes failed: Only part of a ReadProcessMemory or WriteProcessMemory request was completed. (0x12B)
[0806/231358.809:ERROR:process_memory_win.cc(73)] ReadMemory at 0xd6f4c69000 of 6024 bytes failed: Only part of a ReadProcessMemory or WriteProcessMemory request was completed. (0x12B)
[0806/231358.809:ERROR:process_memory_win.cc(73)] ReadMemory at 0xd6f4c6b000 of 6024 bytes failed: Only part of a ReadProcessMemory or WriteProcessMemory request was completed. (0x12B)
[0806/231358.809:ERROR:process_memory_win.cc(73)] ReadMemory at 0xd6f4c71000 of 6024 bytes failed: Only part of a ReadProcessMemory or WriteProcessMemory request was completed. (0x12B)
[0806/231358.809:ERROR:process_memory_win.cc(73)] ReadMemory at 0xd6f4c73000 of 6024 bytes failed: Only part of a ReadProcessMemory or WriteProcessMemory request was completed. (0x12B)
[0806/231358.810:ERROR:process_memory_win.cc(73)] ReadMemory at 0xd6f4c81000 of 6024 bytes failed: Only part of a ReadProcessMemory or WriteProcessMemory request was completed. (0x12B)
[0806/231358.810:ERROR:process_memory_win.cc(73)] ReadMemory at 0xd6f4c83000 of 6024 bytes failed: Only part of a ReadProcessMemory or WriteProcessMemory request was completed. (0x12B)
[0806/231358.810:ERROR:process_memory_win.cc(73)] ReadMemory at 0xd6f4c85000 of 6024 bytes failed: Only part of a ReadProcessMemory or WriteProcessMemory request was completed. (0x12B)
[0806/231358.823:ERROR:process_memory_win.cc(73)] ReadMemory at 0x24b2ab20fe0 of 23268 bytes failed: Only part of a ReadProcessMemory or WriteProcessMemory request was completed. (0x12B)
[0806/231358.823:ERROR:process_memory_win.cc(73)] ReadMemory at 0x24b2ab26ad0 of 1012 bytes failed: Only part of a ReadProcessMemory or WriteProcessMemory request was completed. (0x12B)
[0806/231358.823:ERROR:process_memory_win.cc(73)] ReadMemory at 0x24b2ab270f8 of 118 bytes failed: Only part of a ReadProcessMemory or WriteProcessMemory request was completed. (0x12B)
[0806/231358.874:ERROR:process_memory_win.cc(73)] ReadMemory at 0x24b2ab27170 of 956 bytes failed: Only part of a ReadProcessMemory or WriteProcessMemory request was completed. (0x12B)
[0806/231358.874:ERROR:process_memory_win.cc(73)] ReadMemory at 0x24b2ab2752e of 118 bytes failed: Only part of a ReadProcessMemory or WriteProcessMemory request was completed. (0x12B)
[0806/231358.874:ERROR:process_memory_win.cc(73)] ReadMemory at 0x24b2ab275a6 of 94 bytes failed: Only part of a ReadProcessMemory or WriteProcessMemory request was completed. (0x12B)
[0806/231358.874:ERROR:process_memory_win.cc(73)] ReadMemory at 0x24b2ab27610 of 58 bytes failed: Only part of a ReadProcessMemory or WriteProcessMemory request was completed. (0x12B)
[0806/231358.874:ERROR:process_memory_win.cc(73)] ReadMemory at 0x24b2ab27710 of 132 bytes failed: Only part of a ReadProcessMemory or WriteProcessMemory request was completed. (0x12B)
[0806/231358.874:ERROR:process_memory_win.cc(73)] ReadMemory at 0x24b2ab278a0 of 132 bytes failed: Only part of a ReadProcessMemory or WriteProcessMemory request was completed. (0x12B)
[0806/231358.874:ERROR:process_memory_win.cc(73)] ReadMemory at 0x24b2ab27a60 of 126 bytes failed: Only part of a ReadProcessMemory or WriteProcessMemory request was completed. (0x12B)
[0806/231358.874:ERROR:process_memory_win.cc(73)] ReadMemory at 0x24b2ab27e40 of 132 bytes failed: Only part of a ReadProcessMemory or WriteProcessMemory request was completed. (0x12B)
[0806/231358.874:ERROR:process_memory_win.cc(73)] ReadMemory at 0x24b2ab27fd0 of 64 bytes failed: Only part of a ReadProcessMemory or WriteProcessMemory request was completed. (0x12B)
[0806/231358.875:ERROR:process_memory_win.cc(73)] ReadMemory at 0x24b2ab28430 of 132 bytes failed: Only part of a ReadProcessMemory or WriteProcessMemory request was completed. (0x12B)
[0806/231358.875:ERROR:process_memory_win.cc(73)] ReadMemory at 0x24b2ab285c0 of 68 bytes failed: Only part of a ReadProcessMemory or WriteProcessMemory request was completed. (0x12B)
[0806/231358.875:ERROR:process_memory_win.cc(73)] ReadMemory at 0x24b2ab29500 of 132 bytes failed: Only part of a ReadProcessMemory or WriteProcessMemory request was completed. (0x12B)
[0806/231358.875:ERROR:process_memory_win.cc(73)] ReadMemory at 0x24b2ab29630 of 132 bytes failed: Only part of a ReadProcessMemory or WriteProcessMemory request was completed. (0x12B)
[0806/231358.875:ERROR:process_memory_win.cc(73)] ReadMemory at 0x24b2ab29730 of 512 bytes failed: Only part of a ReadProcessMemory or WriteProcessMemory request was completed. (0x12B)
[0806/231358.875:ERROR:process_memory_win.cc(73)] ReadMemory at 0x24b2ab29b40 of 132 bytes failed: Only part of a ReadProcessMemory or WriteProcessMemory request was completed. (0x12B)
[0806/231358.875:ERROR:process_memory_win.cc(73)] ReadMemory at 0x24b2ab29cd0 of 60 bytes failed: Only part of a ReadProcessMemory or WriteProcessMemory request was completed. (0x12B)
[0806/231358.875:ERROR:process_memory_win.cc(73)] ReadMemory at 0x24b2ab29d20 of 158 bytes failed: Only part of a ReadProcessMemory or WriteProcessMemory request was completed. (0x12B)
[0806/231358.875:ERROR:process_memory_win.cc(73)] ReadMemory at 0x24b2ab29f20 of 132 bytes failed: Only part of a ReadProcessMemory or WriteProcessMemory request was completed. (0x12B)
[0806/231358.995:ERROR:process_memory_win.cc(73)] ReadMemory at 0x24b2ab2a0b0 of 64 bytes failed: Only part of a ReadProcessMemory or WriteProcessMemory request was completed. (0x12B)
[0806/231358.995:ERROR:process_memory_win.cc(73)] ReadMemory at 0x24b2ab2a330 of 132 bytes failed: Only part of a ReadProcessMemory or WriteProcessMemory request was completed. (0x12B)
[0806/231358.995:ERROR:process_memory_win.cc(73)] ReadMemory at 0x24b2ab2a4c0 of 64 bytes failed: Only part of a ReadProcessMemory or WriteProcessMemory request was completed. (0x12B)
[0806/231358.995:ERROR:process_memory_win.cc(73)] ReadMemory at 0x24b2ab2a720 of 132 bytes failed: Only part of a ReadProcessMemory or WriteProcessMemory request was completed. (0x12B)
[0806/231358.996:ERROR:process_memory_win.cc(73)] ReadMemory at 0x24b2ab2a8b0 of 60 bytes failed: Only part of a ReadProcessMemory or WriteProcessMemory request was completed. (0x12B)
[0806/231358.996:ERROR:process_memory_win.cc(73)] ReadMemory at 0x24b2ab2abc0 of 132 bytes failed: Only part of a ReadProcessMemory or WriteProcessMemory request was completed. (0x12B)
[0806/231358.996:ERROR:process_memory_win.cc(73)] ReadMemory at 0x24b2ab2ad50 of 60 bytes failed: Only part of a ReadProcessMemory or WriteProcessMemory request was completed. (0x12B)
[0806/231358.996:ERROR:process_memory_win.cc(73)] ReadMemory at 0x24b2ab2af90 of 132 bytes failed: Only part of a ReadProcessMemory or WriteProcessMemory request was completed. (0x12B)
[0806/231359.065:ERROR:process_memory_win.cc(73)] ReadMemory at 0x24b2ab2b120 of 62 bytes failed: Only part of a ReadProcessMemory or WriteProcessMemory request was completed. (0x12B)
[0806/231359.065:ERROR:process_memory_win.cc(73)] ReadMemory at 0x24b2ab2b4a0 of 132 bytes failed: Only part of a ReadProcessMemory or WriteProcessMemory request was completed. (0x12B)
[0806/231359.065:ERROR:process_memory_win.cc(73)] ReadMemory at 0x24b2ab2b630 of 80 bytes failed: Only part of a ReadProcessMemory or WriteProcessMemory request was completed. (0x12B)
[0806/231359.066:ERROR:process_memory_win.cc(73)] ReadMemory at 0x24b2ab2dc70 of 132 bytes failed: Only part of a ReadProcessMemory or WriteProcessMemory request was completed. (0x12B)
[0806/231359.142:ERROR:process_memory_win.cc(73)] ReadMemory at 0x24b2ab2e150 of 78 bytes failed: Only part of a ReadProcessMemory or WriteProcessMemory request was completed. (0x12B)
[0806/231359.347:ERROR:process_memory_win.cc(73)] ReadMemory at 0x24b2ab2e270 of 76 bytes failed: Only part of a ReadProcessMemory or WriteProcessMemory request was completed. (0x12B)
[0806/231359.347:ERROR:process_memory_win.cc(73)] ReadMemory at 0x24b2ab2f1f0 of 132 bytes failed: Only part of a ReadProcessMemory or WriteProcessMemory request was completed. (0x12B)
[0806/231359.347:ERROR:process_memory_win.cc(73)] ReadMemory at 0x24b2ab2f320 of 66 bytes failed: Only part of a ReadProcessMemory or WriteProcessMemory request was completed. (0x12B)
[0806/231359.347:ERROR:process_memory_win.cc(73)] ReadMemory at 0x24b2ab2f560 of 132 bytes failed: Only part of a ReadProcessMemory or WriteProcessMemory request was completed. (0x12B)
[0806/231359.348:ERROR:process_memory_win.cc(73)] ReadMemory at 0x24b2ab2f690 of 62 bytes failed: Only part of a ReadProcessMemory or WriteProcessMemory request was completed. (0x12B)
[0806/231359.348:ERROR:process_memory_win.cc(73)] ReadMemory at 0x24b2ab2f8f0 of 132 bytes failed: Only part of a ReadProcessMemory or WriteProcessMemory request was completed. (0x12B)
[0806/231359.348:ERROR:process_memory_win.cc(73)] ReadMemory at 0x24b2ab2fa20 of 64 bytes failed: Only part of a ReadProcessMemory or WriteProcessMemory request was completed. (0x12B)
[0806/231359.410:ERROR:process_memory_win.cc(73)] ReadMemory at 0x24b2ab2fcb0 of 132 bytes failed: Only part of a ReadProcessMemory or WriteProcessMemory request was completed. (0x12B)
[0806/231359.410:ERROR:process_memory_win.cc(73)] ReadMemory at 0x24b2ab2fde0 of 132 bytes failed: Only part of a ReadProcessMemory or WriteProcessMemory request was completed. (0x12B)
[0806/231359.410:ERROR:process_memory_win.cc(73)] ReadMemory at 0x24b2ab2ff10 of 132 bytes failed: Only part of a ReadProcessMemory or WriteProcessMemory request was completed. (0x12B)
[0806/231359.428:ERROR:process_memory_win.cc(73)] ReadMemory at 0x24b2ab30040 of 132 bytes failed: Only part of a ReadProcessMemory or WriteProcessMemory request was completed. (0x12B)
[0806/231359.429:ERROR:process_memory_win.cc(73)] ReadMemory at 0x24b2ab30170 of 132 bytes failed: Only part of a ReadProcessMemory or WriteProcessMemory request was completed. (0x12B)
[0806/231359.429:ERROR:process_memory_win.cc(73)] ReadMemory at 0x24b2ab302a0 of 132 bytes failed: Only part of a ReadProcessMemory or WriteProcessMemory request was completed. (0x12B)
[0806/231359.429:ERROR:process_memory_win.cc(73)] ReadMemory at 0x24b2ab303d0 of 132 bytes failed: Only part of a ReadProcessMemory or WriteProcessMemory request was completed. (0x12B)
[0806/231359.429:ERROR:process_memory_win.cc(73)] ReadMemory at 0x24b2ab30500 of 132 bytes failed: Only part of a ReadProcessMemory or WriteProcessMemory request was completed. (0x12B)
[0806/231359.429:ERROR:process_memory_win.cc(73)] ReadMemory at 0x24b2ab30630 of 132 bytes failed: Only part of a ReadProcessMemory or WriteProcessMemory request was completed. (0x12B)
[0806/231359.429:ERROR:process_memory_win.cc(73)] ReadMemory at 0x24b2ab30760 of 132 bytes failed: Only part of a ReadProcessMemory or WriteProcessMemory request was completed. (0x12B)
[0806/231359.429:ERROR:process_memory_win.cc(73)] ReadMemory at 0x24b2ab30890 of 132 bytes failed: Only part of a ReadProcessMemory or WriteProcessMemory request was completed. (0x12B)
[0806/231359.429:ERROR:process_memory_win.cc(73)] ReadMemory at 0x24b2ab309c0 of 132 bytes failed: Only part of a ReadProcessMemory or WriteProcessMemory request was completed. (0x12B)
[0806/231359.429:ERROR:process_memory_win.cc(73)] ReadMemory at 0x24b2ab30af0 of 132 bytes failed: Only part of a ReadProcessMemory or WriteProcessMemory request was completed. (0x12B)
[0806/231359.429:ERROR:process_memory_win.cc(73)] ReadMemory at 0x24b2ab30db0 of 60 bytes failed: Only part of a ReadProcessMemory or WriteProcessMemory request was completed. (0x12B)
[0806/231359.430:ERROR:process_memory_win.cc(73)] ReadMemory at 0x24b2ab30e50 of 62 bytes failed: Only part of a ReadProcessMemory or WriteProcessMemory request was completed. (0x12B)
[0806/231359.430:ERROR:process_memory_win.cc(73)] ReadMemory at 0x24b2ab30ea0 of 66 bytes failed: Only part of a ReadProcessMemory or WriteProcessMemory request was completed. (0x12B)
[0806/231359.430:ERROR:process_memory_win.cc(73)] ReadMemory at 0x24b2ab30ef0 of 66 bytes failed: Only part of a ReadProcessMemory or WriteProcessMemory request was completed. (0x12B)
[0806/231359.430:ERROR:process_memory_win.cc(73)] ReadMemory at 0x24b2ab30f40 of 62 bytes failed: Only part of a ReadProcessMemory or WriteProcessMemory request was completed. (0x12B)
[0806/231359.430:ERROR:process_memory_win.cc(73)] ReadMemory at 0x24b2ab31080 of 62 bytes failed: Only part of a ReadProcessMemory or WriteProcessMemory request was completed. (0x12B)
[0806/231359.446:ERROR:process_memory_win.cc(73)] ReadMemory at 0x24b2ab310d0 of 62 bytes failed: Only part of a ReadProcessMemory or WriteProcessMemory request was completed. (0x12B)
[0806/231359.469:ERROR:process_memory_win.cc(73)] ReadMemory at 0x24b2ab31120 of 58 bytes failed: Only part of a ReadProcessMemory or WriteProcessMemory request was completed. (0x12B)
[0806/231359.469:ERROR:process_memory_win.cc(73)] ReadMemory at 0x24b2ab31170 of 64 bytes failed: Only part of a ReadProcessMemory or WriteProcessMemory request was completed. (0x12B)
[0806/231359.479:ERROR:process_memory_win.cc(73)] ReadMemory at 0x24b2ab311c0 of 58 bytes failed: Only part of a ReadProcessMemory or WriteProcessMemory request was completed. (0x12B)
[0806/231359.479:ERROR:process_memory_win.cc(73)] ReadMemory at 0x24b2ab31210 of 66 bytes failed: Only part of a ReadProcessMemory or WriteProcessMemory request was completed. (0x12B)
[0806/231359.479:ERROR:process_memory_win.cc(73)] ReadMemory at 0x24b2ab31350 of 60 bytes failed: Only part of a ReadProcessMemory or WriteProcessMemory request was completed. (0x12B)
[0806/231359.479:ERROR:process_memory_win.cc(73)] ReadMemory at 0x24b2ab313f0 of 62 bytes failed: Only part of a ReadProcessMemory or WriteProcessMemory request was completed. (0x12B)
[0806/231359.479:ERROR:process_memory_win.cc(73)] ReadMemory at 0x24b2ab32e90 of 154 bytes failed: Only part of a ReadProcessMemory or WriteProcessMemory request was completed. (0x12B)
[0806/231359.479:ERROR:process_memory_win.cc(73)] ReadMemory at 0x24b2ab354a0 of 132 bytes failed: Only part of a ReadProcessMemory or WriteProcessMemory request was completed. (0x12B)
[0806/231359.479:ERROR:process_memory_win.cc(73)] ReadMemory at 0x24b2ab355d0 of 132 bytes failed: Only part of a ReadProcessMemory or WriteProcessMemory request was completed. (0x12B)
[0806/231359.548:ERROR:process_memory_win.cc(73)] ReadMemory at 0x24b2ab35700 of 132 bytes failed: Only part of a ReadProcessMemory or WriteProcessMemory request was completed. (0x12B)
[0806/231359.548:ERROR:process_memory_win.cc(73)] ReadMemory at 0x24b2ab35830 of 132 bytes failed: Only part of a ReadProcessMemory or WriteProcessMemory request was completed. (0x12B)
[0806/231359.548:ERROR:process_memory_win.cc(73)] ReadMemory at 0x24b2ab35960 of 132 bytes failed: Only part of a ReadProcessMemory or WriteProcessMemory request was completed. (0x12B)
[0806/231359.548:ERROR:process_memory_win.cc(73)] ReadMemory at 0x24b2ab35a90 of 132 bytes failed: Only part of a ReadProcessMemory or WriteProcessMemory request was completed. (0x12B)
[0806/231359.548:ERROR:process_memory_win.cc(73)] ReadMemory at 0x24b2ab35bc0 of 132 bytes failed: Only part of a ReadProcessMemory or WriteProcessMemory request was completed. (0x12B)
[0806/231359.548:ERROR:process_memory_win.cc(73)] ReadMemory at 0x24b2ab35cf0 of 132 bytes failed: Only part of a ReadProcessMemory or WriteProcessMemory request was completed. (0x12B)
[0806/231359.548:ERROR:process_memory_win.cc(73)] ReadMemory at 0x24b2ab35e20 of 132 bytes failed: Only part of a ReadProcessMemory or WriteProcessMemory request was completed. (0x12B)
[0806/231359.549:ERROR:process_memory_win.cc(73)] ReadMemory at 0x24b2ab35f50 of 132 bytes failed: Only part of a ReadProcessMemory or WriteProcessMemory request was completed. (0x12B)
[0806/231359.549:ERROR:process_memory_win.cc(73)] ReadMemory at 0x24b2ab36080 of 132 bytes failed: Only part of a ReadProcessMemory or WriteProcessMemory request was completed. (0x12B)
[0806/231359.549:ERROR:process_memory_win.cc(73)] ReadMemory at 0x24b2ab361b0 of 132 bytes failed: Only part of a ReadProcessMemory or WriteProcessMemory request was completed. (0x12B)
[0806/231359.549:ERROR:process_memory_win.cc(73)] ReadMemory at 0x24b2ab362e0 of 132 bytes failed: Only part of a ReadProcessMemory or WriteProcessMemory request was completed. (0x12B)
[0806/231359.549:ERROR:process_memory_win.cc(73)] ReadMemory at 0x24b2ab36410 of 132 bytes failed: Only part of a ReadProcessMemory or WriteProcessMemory request was completed. (0x12B)
[0806/231359.549:ERROR:process_memory_win.cc(73)] ReadMemory at 0x24b2ab36540 of 132 bytes failed: Only part of a ReadProcessMemory or WriteProcessMemory request was completed. (0x12B)
[0806/231359.549:ERROR:process_memory_win.cc(73)] ReadMemory at 0x24b2ab36670 of 132 bytes failed: Only part of a ReadProcessMemory or WriteProcessMemory request was completed. (0x12B)
[0806/231359.549:ERROR:process_memory_win.cc(73)] ReadMemory at 0x24b2ab367a0 of 132 bytes failed: Only part of a ReadProcessMemory or WriteProcessMemory request was completed. (0x12B)
[0806/231359.549:ERROR:process_memory_win.cc(73)] ReadMemory at 0x24b2ab368d0 of 132 bytes failed: Only part of a ReadProcessMemory or WriteProcessMemory request was completed. (0x12B)
[0806/231359.549:ERROR:process_memory_win.cc(73)] ReadMemory at 0x24b2ab36a00 of 132 bytes failed: Only part of a ReadProcessMemory or WriteProcessMemory request was completed. (0x12B)
[0806/231359.549:ERROR:process_memory_win.cc(73)] ReadMemory at 0x24b2ab36c60 of 132 bytes failed: Only part of a ReadProcessMemory or WriteProcessMemory request was completed. (0x12B)
[0806/231359.550:ERROR:process_memory_win.cc(73)] ReadMemory at 0x24b2ab36d90 of 132 bytes failed: Only part of a ReadProcessMemory or WriteProcessMemory request was completed. (0x12B)
[0806/231359.550:ERROR:process_memory_win.cc(73)] ReadMemory at 0x24b2ab36ec0 of 132 bytes failed: Only part of a ReadProcessMemory or WriteProcessMemory request was completed. (0x12B)
[0806/231359.550:ERROR:process_memory_win.cc(73)] ReadMemory at 0x24b2ab36ff0 of 132 bytes failed: Only part of a ReadProcessMemory or WriteProcessMemory request was completed. (0x12B)
[0806/231359.550:ERROR:process_memory_win.cc(73)] ReadMemory at 0x24b2ab37120 of 132 bytes failed: Only part of a ReadProcessMemory or WriteProcessMemory request was completed. (0x12B)
[0806/231359.550:ERROR:process_memory_win.cc(73)] ReadMemory at 0x24b2ab37250 of 132 bytes failed: Only part of a ReadProcessMemory or WriteProcessMemory request was completed. (0x12B)
[0806/231359.550:ERROR:process_memory_win.cc(73)] ReadMemory at 0x24b2ab430a0 of 54 bytes failed: Only part of a ReadProcessMemory or WriteProcessMemory request was completed. (0x12B)
[0806/231359.550:ERROR:process_memory_win.cc(73)] ReadMemory at 0x24b2ab45010 of 58 bytes failed: Only part of a ReadProcessMemory or WriteProcessMemory request was completed. (0x12B)
[0806/231359.561:ERROR:process_memory_win.cc(73)] ReadMemory at 0x24b2ab48030 of 58 bytes failed: Only part of a ReadProcessMemory or WriteProcessMemory request was completed. (0x12B)
[0806/231359.637:ERROR:process_memory_win.cc(73)] ReadMemory at 0x24b2ab48080 of 60 bytes failed: Only part of a ReadProcessMemory or WriteProcessMemory request was completed. (0x12B)
[0806/231359.637:ERROR:process_memory_win.cc(73)] ReadMemory at 0x24b2ab48120 of 60 bytes failed: Only part of a ReadProcessMemory or WriteProcessMemory request was completed. (0x12B)
[0806/231359.637:ERROR:process_memory_win.cc(73)] ReadMemory at 0x24b2ab48170 of 62 bytes failed: Only part of a ReadProcessMemory or WriteProcessMemory request was completed. (0x12B)
[0806/231359.637:ERROR:process_memory_win.cc(73)] ReadMemory at 0x24b2ab48440 of 58 bytes failed: Only part of a ReadProcessMemory or WriteProcessMemory request was completed. (0x12B)
[0806/231359.638:ERROR:process_memory_win.cc(73)] ReadMemory at 0x24b2ab48580 of 60 bytes failed: Only part of a ReadProcessMemory or WriteProcessMemory request was completed. (0x12B)
[0806/231359.638:ERROR:process_memory_win.cc(73)] ReadMemory at 0x24b2ab487b0 of 64 bytes failed: Only part of a ReadProcessMemory or WriteProcessMemory request was completed. (0x12B)
[0806/231359.638:ERROR:process_memory_win.cc(73)] ReadMemory at 0x24b2ab48800 of 60 bytes failed: Only part of a ReadProcessMemory or WriteProcessMemory request was completed. (0x12B)
[0806/231359.666:ERROR:process_memory_win.cc(73)] ReadMemory at 0x24b2ab48850 of 56 bytes failed: Only part of a ReadProcessMemory or WriteProcessMemory request was completed. (0x12B)
[0806/231359.678:ERROR:process_memory_win.cc(73)] ReadMemory at 0x24b2ab488a0 of 62 bytes failed: Only part of a ReadProcessMemory or WriteProcessMemory request was completed. (0x12B)
[0806/231359.678:ERROR:process_memory_win.cc(73)] ReadMemory at 0x24b2ab488f0 of 60 bytes failed: Only part of a ReadProcessMemory or WriteProcessMemory request was completed. (0x12B)
[0806/231359.679:ERROR:process_memory_win.cc(73)] ReadMemory at 0x24b2ab48940 of 62 bytes failed: Only part of a ReadProcessMemory or WriteProcessMemory request was completed. (0x12B)
[0806/231359.679:ERROR:process_memory_win.cc(73)] ReadMemory at 0x24b2ab48990 of 62 bytes failed: Only part of a ReadProcessMemory or WriteProcessMemory request was completed. (0x12B)
[0806/231359.911:ERROR:process_memory_win.cc(73)] ReadMemory at 0x24b2ab489e0 of 64 bytes failed: Only part of a ReadProcessMemory or WriteProcessMemory request was completed. (0x12B)
[0806/231359.911:ERROR:process_memory_win.cc(73)] ReadMemory at 0x24b2ab48a80 of 68 bytes failed: Only part of a ReadProcessMemory or WriteProcessMemory request was completed. (0x12B)
[0806/231359.912:ERROR:process_memory_win.cc(73)] ReadMemory at 0x24b2ab48b70 of 64 bytes failed: Only part of a ReadProcessMemory or WriteProcessMemory request was completed. (0x12B)
[0806/231359.912:ERROR:process_memory_win.cc(73)] ReadMemory at 0x24b2ab48c10 of 64 bytes failed: Only part of a ReadProcessMemory or WriteProcessMemory request was completed. (0x12B)
[0806/231359.912:ERROR:process_memory_win.cc(73)] ReadMemory at 0x24b2ab48c60 of 64 bytes failed: Only part of a ReadProcessMemory or WriteProcessMemory request was completed. (0x12B)
[0806/231359.912:ERROR:process_memory_win.cc(73)] ReadMemory at 0x24b2ab48cb0 of 64 bytes failed: Only part of a ReadProcessMemory or WriteProcessMemory request was completed. (0x12B)
[0806/231359.912:ERROR:process_memory_win.cc(73)] ReadMemory at 0x24b2ab48da0 of 62 bytes failed: Only part of a ReadProcessMemory or WriteProcessMemory request was completed. (0x12B)
[0806/231359.912:ERROR:process_memory_win.cc(73)] ReadMemory at 0x24b2ab48e90 of 64 bytes failed: Only part of a ReadProcessMemory or WriteProcessMemory request was completed. (0x12B)
[0806/231359.913:ERROR:process_memory_win.cc(73)] ReadMemory at 0x24b2ab48f30 of 64 bytes failed: Only part of a ReadProcessMemory or WriteProcessMemory request was completed. (0x12B)
[0806/231359.913:ERROR:process_memory_win.cc(73)] ReadMemory at 0x24b2ab48f80 of 60 bytes failed: Only part of a ReadProcessMemory or WriteProcessMemory request was completed. (0x12B)
[0806/231359.913:ERROR:process_memory_win.cc(73)] ReadMemory at 0x24b2ab4d890 of 80 bytes failed: Only part of a ReadProcessMemory or WriteProcessMemory request was completed. (0x12B)
[0806/231359.913:ERROR:process_memory_win.cc(73)] ReadMemory at 0x24b2ab4e430 of 132 bytes failed: Only part of a ReadProcessMemory or WriteProcessMemory request was completed. (0x12B)
[0806/231359.913:ERROR:process_memory_win.cc(73)] ReadMemory at 0x24b2ab4e560 of 132 bytes failed: Only part of a ReadProcessMemory or WriteProcessMemory request was completed. (0x12B)
[0806/231359.913:ERROR:process_memory_win.cc(73)] ReadMemory at 0x24b2ab4ea20 of 132 bytes failed: Only part of a ReadProcessMemory or WriteProcessMemory request was completed. (0x12B)
[0806/231359.913:ERROR:process_memory_win.cc(73)] ReadMemory at 0x24b2ab4f600 of 132 bytes failed: Only part of a ReadProcessMemory or WriteProcessMemory request was completed. (0x12B)
[0806/231359.914:ERROR:process_memory_win.cc(73)] ReadMemory at 0x24b2ab4fe50 of 132 bytes failed: Only part of a ReadProcessMemory or WriteProcessMemory request was completed. (0x12B)
[0806/231359.914:ERROR:process_memory_win.cc(73)] ReadMemory at 0x24b2ab50d90 of 246 bytes failed: Only part of a ReadProcessMemory or WriteProcessMemory request was completed. (0x12B)
[0806/231359.914:ERROR:process_memory_win.cc(73)] ReadMemory at 0x24b2ab52650 of 62 bytes failed: Only part of a ReadProcessMemory or WriteProcessMemory request was completed. (0x12B)
[0806/231359.914:ERROR:process_memory_win.cc(73)] ReadMemory at 0x24b2ab63490 of 512 bytes failed: Only part of a ReadProcessMemory or WriteProcessMemory request was completed. (0x12B)
[0806/231359.914:ERROR:process_memory_win.cc(73)] ReadMemory at 0x24b2b344860 of 512 bytes failed: Only part of a ReadProcessMemory or WriteProcessMemory request was completed. (0x12B)
[0806/231359.915:ERROR:process_memory_win.cc(73)] ReadMemory at 0x24b2b365960 of 712 bytes failed: Only part of a ReadProcessMemory or WriteProcessMemory request was completed. (0x12B)
[0806/231359.915:ERROR:process_memory_win.cc(73)] ReadMemory at 0x24b2b374a40 of 512 bytes failed: Only part of a ReadProcessMemory or WriteProcessMemory request was completed. (0x12B)
[0806/231359.915:ERROR:process_memory_win.cc(73)] ReadMemory at 0x24b2b3eb570 of 512 bytes failed: Only part of a ReadProcessMemory or WriteProcessMemory request was completed. (0x12B)
[0806/231359.915:ERROR:process_memory_win.cc(73)] ReadMemory at 0x24b2d15d5a0 of 512 bytes failed: Only part of a ReadProcessMemory or WriteProcessMemory request was completed. (0x12B)
[0806/231359.915:ERROR:process_memory_win.cc(73)] ReadMemory at 0x24b2d1a64c0 of 512 bytes failed: Only part of a ReadProcessMemory or WriteProcessMemory request was completed. (0x12B)
[0806/231359.916:ERROR:process_memory_win.cc(73)] ReadMemory at 0x24b2d1a6a40 of 512 bytes failed: Only part of a ReadProcessMemory or WriteProcessMemory request was completed. (0x12B)
[0806/231359.916:ERROR:process_memory_win.cc(73)] ReadMemory at 0x24b2d1a7280 of 512 bytes failed: Only part of a ReadProcessMemory or WriteProcessMemory request was completed. (0x12B)
[0806/231359.916:ERROR:process_memory_win.cc(73)] ReadMemory at 0x24b2e055090 of 512 bytes failed: Only part of a ReadProcessMemory or WriteProcessMemory request was completed. (0x12B)
[0806/231359.990:ERROR:process_memory_win.cc(73)] ReadMemory at 0x24b33ee3030 of 512 bytes failed: Only part of a ReadProcessMemory or WriteProcessMemory request was completed. (0x12B)
[0806/231359.990:ERROR:process_memory_win.cc(73)] ReadMemory at 0x24b34002000 of 480 bytes failed: Only part of a ReadProcessMemory or WriteProcessMemory request was completed. (0x12B)
[0806/231400.008:ERROR:process_memory_win.cc(73)] ReadMemory at 0x24b3532cd40 of 512 bytes failed: Only part of a ReadProcessMemory or WriteProcessMemory request was completed. (0x12B)
[0806/231400.009:ERROR:process_memory_win.cc(73)] ReadMemory at 0x24b3629dfa0 of 512 bytes failed: Only part of a ReadProcessMemory or WriteProcessMemory request was completed. (0x12B)
[0806/231400.009:ERROR:process_memory_win.cc(73)] ReadMemory at 0x15ca32ac0000 of 384 bytes failed: Only part of a ReadProcessMemory or WriteProcessMemory request was completed. (0x12B)
[0806/231400.010:ERROR:process_memory_win.cc(73)] ReadMemory at 0x15ca32afbc50 of 544 bytes failed: Only part of a ReadProcessMemory or WriteProcessMemory request was completed. (0x12B)
[0806/231400.010:ERROR:process_memory_win.cc(73)] ReadMemory at 0x19c870100000 of 384 bytes failed: Only part of a ReadProcessMemory or WriteProcessMemory request was completed. (0x12B)
[0806/231400.010:ERROR:process_memory_win.cc(73)] ReadMemory at 0x19c870113008 of 513 bytes failed: Only part of a ReadProcessMemory or WriteProcessMemory request was completed. (0x12B)
[0806/231400.354:ERROR:process_memory_win.cc(73)] ReadMemory at 0x25cf5ce02039 of 512 bytes failed: Only part of a ReadProcessMemory or WriteProcessMemory request was completed. (0x12B)
[0806/231400.740:ERROR:process_memory_win.cc(73)] ReadMemory at 0x314ca7365909 of 512 bytes failed: Only part of a ReadProcessMemory or WriteProcessMemory request was completed. (0x12B)
[0806/231400.741:ERROR:process_memory_win.cc(73)] ReadMemory at 0x3cb396ff5ad9 of 512 bytes failed: Only part of a ReadProcessMemory or WriteProcessMemory request was completed. (0x12B)
[0806/231400.742:ERROR:process_memory_win.cc(73)] ReadMemory at 0x4426cb7c0000 of 384 bytes failed: Only part of a ReadProcessMemory or WriteProcessMemory request was completed. (0x12B)
[0806/231400.742:ERROR:process_memory_win.cc(73)] ReadMemory at 0x4426cb7ef7d1 of 512 bytes failed: Only part of a ReadProcessMemory or WriteProcessMemory request was completed. (0x12B)
[0806/231400.743:ERROR:process_memory_win.cc(73)] ReadMemory at 0x4426cb7f10e9 of 512 bytes failed: Only part of a ReadProcessMemory or WriteProcessMemory request was completed. (0x12B)
[0806/231400.743:ERROR:process_memory_win.cc(73)] ReadMemory at 0x5e45a6f40000 of 384 bytes failed: Only part of a ReadProcessMemory or WriteProcessMemory request was completed. (0x12B)
[0806/231400.744:ERROR:process_memory_win.cc(73)] ReadMemory at 0x64f90b0c0ba1 of 512 bytes failed: Only part of a ReadProcessMemory or WriteProcessMemory request was completed. (0x12B)
[0806/231400.744:ERROR:process_memory_win.cc(73)] ReadMemory at 0x7ffb2156aeec of 512 bytes failed: Only part of a ReadProcessMemory or WriteProcessMemory request was completed. (0x12B)
[0806/231400.744:ERROR:process_memory_win.cc(73)] ReadMemory at 0x7ffb2156cd2b of 512 bytes failed: Only part of a ReadProcessMemory or WriteProcessMemory request was completed. (0x12B)
[0806/231400.780:ERROR:process_memory_win.cc(73)] ReadMemory at 0x7ffb2159d023 of 512 bytes failed: Only part of a ReadProcessMemory or WriteProcessMemory request was completed. (0x12B)
[0806/231400.780:ERROR:process_memory_win.cc(73)] ReadMemory at 0x7ffb22303ed5 of 512 bytes failed: Only part of a ReadProcessMemory or WriteProcessMemory request was completed. (0x12B)
[0806/231400.780:ERROR:process_memory_win.cc(73)] ReadMemory at 0x7ffb22df0a3c of 512 bytes failed: Only part of a ReadProcessMemory or WriteProcessMemory request was completed. (0x12B)
[0806/231400.781:ERROR:process_memory_win.cc(73)] ReadMemory at 0x7ffb258dc3f2 of 512 bytes failed: Only part of a ReadProcessMemory or WriteProcessMemory request was completed. (0x12B)
[0806/231400.781:ERROR:process_memory_win.cc(73)] ReadMemory at 0x7ffb25ae4610 of 512 bytes failed: Only part of a ReadProcessMemory or WriteProcessMemory request was completed. (0x12B)
[0806/231400.781:ERROR:process_memory_win.cc(73)] ReadMemory at 0x7ffb45f0583a of 512 bytes failed: Only part of a ReadProcessMemory or WriteProcessMemory request was completed. (0x12B)
[0806/231400.782:ERROR:process_memory_win.cc(73)] ReadMemory at 0x7ffb45f06091 of 512 bytes failed: Only part of a ReadProcessMemory or WriteProcessMemory request was completed. (0x12B)
[0806/231400.782:ERROR:process_memory_win.cc(73)] ReadMemory at 0x7ffb6b4e21f0 of 512 bytes failed: Only part of a ReadProcessMemory or WriteProcessMemory request was completed. (0x12B)
[0806/231400.782:ERROR:process_memory_win.cc(73)] ReadMemory at 0x7ffb6e08ff00 of 512 bytes failed: Only part of a ReadProcessMemory or WriteProcessMemory request was completed. (0x12B)
[0806/231400.783:ERROR:process_memory_win.cc(73)] ReadMemory at 0x7ffb6e0df764 of 672 bytes failed: Only part of a ReadProcessMemory or WriteProcessMemory request was completed. (0x12B)
[0806/231400.783:ERROR:process_memory_win.cc(73)] ReadMemory at 0x7ffb6e0e2ff4 of 608 bytes failed: Only part of a ReadProcessMemory or WriteProcessMemory request was completed. (0x12B)
[0806/231400.783:ERROR:process_memory_win.cc(73)] ReadMemory at 0x7ffb6e16c0c8 of 18 bytes failed: Only part of a ReadProcessMemory or WriteProcessMemory request was completed. (0x12B)
[0806/231400.783:ERROR:process_memory_win.cc(73)] ReadMemory at 0x7ffb6e19f4f8 of 40 bytes failed: Only part of a ReadProcessMemory or WriteProcessMemory request was completed. (0x12B)
[0806/231400.783:ERROR:process_memory_win.cc(73)] ReadMemory at 0x7ffb6e19f978 of 48 bytes failed: Only part of a ReadProcessMemory or WriteProcessMemory request was completed. (0x12B)
[0806/231400.783:ERROR:process_memory_win.cc(73)] ReadMemory at 0x7ffb6e1a53a0 of 64 bytes failed: Only part of a ReadProcessMemory or WriteProcessMemory request was completed. (0x12B)
[0806/231400.893:ERROR:scoped_process_suspend.cc(40)] NtResumeProcess: An attempt was made to access an exiting process. (0xc000010a)
[0806/232442.526:ERROR:process_memory_win.cc(73)] ReadMemory at 0x196004add90 of 72 bytes failed: Only part of a ReadProcessMemory or WriteProcessMemory request was completed. (0x12B)
[0806/232443.182:WARNING:pe_image_annotations_reader.cc(134)] could not read annotations list object in C:\Program Files (x86)\Google\Chrome\Application\75.0.3770.142\chrome_elf.dll
[0806/232443.183:ERROR:process_memory_win.cc(73)] ReadMemory at 0x196006c0210 of 72 bytes failed: Only part of a ReadProcessMemory or WriteProcessMemory request was completed. (0x12B)
[0806/232443.183:WARNING:pe_image_annotations_reader.cc(134)] could not read annotations list object in C:\Program Files (x86)\Google\Chrome\Application\75.0.3770.142\chrome_child.dll
[0806/232443.183:ERROR:process_memory_win.cc(73)] ReadMemory at 0x19600310000 of 64 bytes failed: Only part of a ReadProcessMemory or WriteProcessMemory request was completed. (0x12B)
[0806/232443.183:WARNING:pe_image_reader.cc(340)] could not read dos header from C:\Windows\System32\OLEAUT32.dll
[0806/232443.710:ERROR:process_memory_win.cc(73)] ReadMemory at 0x24433f4000 of 49152 bytes failed: Only part of a ReadProcessMemory or WriteProcessMemory request was completed. (0x12B)
[0806/232443.711:ERROR:process_memory_win.cc(73)] ReadMemory at 0x24435fd000 of 12288 bytes failed: Only part of a ReadProcessMemory or WriteProcessMemory request was completed. (0x12B)
[0806/232443.711:ERROR:process_memory_win.cc(73)] ReadMemory at 0x24437f6000 of 40960 bytes failed: Only part of a ReadProcessMemory or WriteProcessMemory request was completed. (0x12B)
[0806/232443.712:ERROR:process_memory_win.cc(73)] ReadMemory at 0x24439fc000 of 16384 bytes failed: Only part of a ReadProcessMemory or WriteProcessMemory request was completed. (0x12B)
[0806/232443.712:ERROR:process_memory_win.cc(73)] ReadMemory at 0x2443bfc000 of 16384 bytes failed: Only part of a ReadProcessMemory or WriteProcessMemory request was completed. (0x12B)
[0806/232443.712:ERROR:process_memory_win.cc(73)] ReadMemory at 0x2443dfe000 of 8192 bytes failed: Only part of a ReadProcessMemory or WriteProcessMemory request was completed. (0x12B)
[0806/232444.044:ERROR:process_memory_win.cc(73)] ReadMemory at 0x2443ffd000 of 12288 bytes failed: Only part of a ReadProcessMemory or WriteProcessMemory request was completed. (0x12B)
[0806/232444.044:ERROR:process_memory_win.cc(73)] ReadMemory at 0x24441fb000 of 20480 bytes failed: Only part of a ReadProcessMemory or WriteProcessMemory request was completed. (0x12B)
[0806/232444.044:ERROR:process_memory_win.cc(73)] ReadMemory at 0x24443fd000 of 12288 bytes failed: Only part of a ReadProcessMemory or WriteProcessMemory request was completed. (0x12B)
[0806/232444.045:ERROR:process_memory_win.cc(73)] ReadMemory at 0x24445fd000 of 12288 bytes failed: Only part of a ReadProcessMemory or WriteProcessMemory request was completed. (0x12B)
[0806/232444.045:ERROR:process_memory_win.cc(73)] ReadMemory at 0x24447fd000 of 12288 bytes failed: Only part of a ReadProcessMemory or WriteProcessMemory request was completed. (0x12B)
[0806/232444.045:ERROR:process_memory_win.cc(73)] ReadMemory at 0x2444bfc000 of 16384 bytes failed: Only part of a ReadProcessMemory or WriteProcessMemory request was completed. (0x12B)
[0806/232444.046:ERROR:process_memory_win.cc(73)] ReadMemory at 0x24449fc000 of 16384 bytes failed: Only part of a ReadProcessMemory or WriteProcessMemory request was completed. (0x12B)
[0806/232444.046:ERROR:process_memory_win.cc(73)] ReadMemory at 0x2444dfe000 of 8192 bytes failed: Only part of a ReadProcessMemory or WriteProcessMemory request was completed. (0x12B)
[0806/232444.046:ERROR:process_memory_win.cc(73)] ReadMemory at 0x2443153000 of 852 bytes failed: Only part of a ReadProcessMemory or WriteProcessMemory request was completed. (0x12B)
[0806/232444.047:ERROR:process_memory_win.cc(73)] ReadMemory at 0x2443154000 of 6024 bytes failed: Only part of a ReadProcessMemory or WriteProcessMemory request was completed. (0x12B)
[0806/232444.047:ERROR:process_memory_win.cc(73)] ReadMemory at 0x2443156000 of 6024 bytes failed: Only part of a ReadProcessMemory or WriteProcessMemory request was completed. (0x12B)
[0806/232444.047:ERROR:process_memory_win.cc(73)] ReadMemory at 0x2443158000 of 6024 bytes failed: Only part of a ReadProcessMemory or WriteProcessMemory request was completed. (0x12B)
[0806/232444.047:ERROR:process_memory_win.cc(73)] ReadMemory at 0x244315a000 of 6024 bytes failed: Only part of a ReadProcessMemory or WriteProcessMemory request was completed. (0x12B)
[0806/232444.048:ERROR:process_memory_win.cc(73)] ReadMemory at 0x244315c000 of 6024 bytes failed: Only part of a ReadProcessMemory or WriteProcessMemory request was completed. (0x12B)
[0806/232444.048:ERROR:process_memory_win.cc(73)] ReadMemory at 0x244315e000 of 6024 bytes failed: Only part of a ReadProcessMemory or WriteProcessMemory request was completed. (0x12B)
[0806/232444.048:ERROR:process_memory_win.cc(73)] ReadMemory at 0x2443160000 of 6024 bytes failed: Only part of a ReadProcessMemory or WriteProcessMemory request was completed. (0x12B)
[0806/232444.048:ERROR:process_memory_win.cc(73)] ReadMemory at 0x2443162000 of 6024 bytes failed: Only part of a ReadProcessMemory or WriteProcessMemory request was completed. (0x12B)
[0806/232444.049:ERROR:process_memory_win.cc(73)] ReadMemory at 0x2443164000 of 6024 bytes failed: Only part of a ReadProcessMemory or WriteProcessMemory request was completed. (0x12B)
[0806/232444.049:ERROR:process_memory_win.cc(73)] ReadMemory at 0x2443166000 of 6024 bytes failed: Only part of a ReadProcessMemory or WriteProcessMemory request was completed. (0x12B)
[0806/232444.049:ERROR:process_memory_win.cc(73)] ReadMemory at 0x2443168000 of 6024 bytes failed: Only part of a ReadProcessMemory or WriteProcessMemory request was completed. (0x12B)
[0806/232444.050:ERROR:process_memory_win.cc(73)] ReadMemory at 0x244316c000 of 6024 bytes failed: Only part of a ReadProcessMemory or WriteProcessMemory request was completed. (0x12B)
[0806/232444.050:ERROR:process_memory_win.cc(73)] ReadMemory at 0x244316e000 of 6024 bytes failed: Only part of a ReadProcessMemory or WriteProcessMemory request was completed. (0x12B)
[0806/232444.050:ERROR:process_memory_win.cc(73)] ReadMemory at 0x2443170000 of 6024 bytes failed: Only part of a ReadProcessMemory or WriteProcessMemory request was completed. (0x12B)
[0806/232444.090:ERROR:process_memory_win.cc(73)] ReadMemory at 0x196006f03e0 of 512 bytes failed: Only part of a ReadProcessMemory or WriteProcessMemory request was completed. (0x12B)
[0806/232444.090:ERROR:process_memory_win.cc(73)] ReadMemory at 0x196007010c0 of 512 bytes failed: Only part of a ReadProcessMemory or WriteProcessMemory request was completed. (0x12B)
[0806/232444.090:ERROR:process_memory_win.cc(73)] ReadMemory at 0x196007056f0 of 712 bytes failed: Only part of a ReadProcessMemory or WriteProcessMemory request was completed. (0x12B)
[0806/232444.091:ERROR:process_memory_win.cc(73)] ReadMemory at 0x1960072aaa8 of 512 bytes failed: Only part of a ReadProcessMemory or WriteProcessMemory request was completed. (0x12B)
[0806/232444.091:ERROR:process_memory_win.cc(73)] ReadMemory at 0x19602547120 of 512 bytes failed: Only part of a ReadProcessMemory or WriteProcessMemory request was completed. (0x12B)
[0806/232444.091:ERROR:process_memory_win.cc(73)] ReadMemory at 0x19602549060 of 512 bytes failed: Only part of a ReadProcessMemory or WriteProcessMemory request was completed. (0x12B)
[0806/232444.091:ERROR:process_memory_win.cc(73)] ReadMemory at 0x196025624a0 of 640 bytes failed: Only part of a ReadProcessMemory or WriteProcessMemory request was completed. (0x12B)
[0806/232444.092:ERROR:process_memory_win.cc(73)] ReadMemory at 0x1960257a060 of 864 bytes failed: Only part of a ReadProcessMemory or WriteProcessMemory request was completed. (0x12B)
[0806/232444.092:ERROR:process_memory_win.cc(73)] ReadMemory at 0x1960257ab60 of 512 bytes failed: Only part of a ReadProcessMemory or WriteProcessMemory request was completed. (0x12B)
[0806/232444.092:ERROR:process_memory_win.cc(73)] ReadMemory at 0x196039dffd0 of 512 bytes failed: Only part of a ReadProcessMemory or WriteProcessMemory request was completed. (0x12B)
[0806/232444.092:ERROR:process_memory_win.cc(73)] ReadMemory at 0x196076fc598 of 512 bytes failed: Only part of a ReadProcessMemory or WriteProcessMemory request was completed. (0x12B)
[0806/232444.092:ERROR:process_memory_win.cc(73)] ReadMemory at 0x19607702d48 of 512 bytes failed: Only part of a ReadProcessMemory or WriteProcessMemory request was completed. (0x12B)
[0806/232444.093:ERROR:process_memory_win.cc(73)] ReadMemory at 0x19632d40fe0 of 23268 bytes failed: Only part of a ReadProcessMemory or WriteProcessMemory request was completed. (0x12B)
[0806/232444.093:ERROR:process_memory_win.cc(73)] ReadMemory at 0x19632d46ad0 of 1012 bytes failed: Only part of a ReadProcessMemory or WriteProcessMemory request was completed. (0x12B)
[0806/232444.093:ERROR:process_memory_win.cc(73)] ReadMemory at 0x19632d470f8 of 118 bytes failed: Only part of a ReadProcessMemory or WriteProcessMemory request was completed. (0x12B)
[0806/232444.093:ERROR:process_memory_win.cc(73)] ReadMemory at 0x19632d47170 of 960 bytes failed: Only part of a ReadProcessMemory or WriteProcessMemory request was completed. (0x12B)
[0806/232444.094:ERROR:process_memory_win.cc(73)] ReadMemory at 0x19632d47532 of 118 bytes failed: Only part of a ReadProcessMemory or WriteProcessMemory request was completed. (0x12B)
[0806/232444.094:ERROR:process_memory_win.cc(73)] ReadMemory at 0x19632d475aa of 96 bytes failed: Only part of a ReadProcessMemory or WriteProcessMemory request was completed. (0x12B)
[0806/232444.094:ERROR:process_memory_win.cc(73)] ReadMemory at 0x19632d47620 of 58 bytes failed: Only part of a ReadProcessMemory or WriteProcessMemory request was completed. (0x12B)
[0806/232444.094:ERROR:process_memory_win.cc(73)] ReadMemory at 0x19632d47720 of 132 bytes failed: Only part of a ReadProcessMemory or WriteProcessMemory request was completed. (0x12B)
[0806/232444.094:ERROR:process_memory_win.cc(73)] ReadMemory at 0x19632d478b0 of 132 bytes failed: Only part of a ReadProcessMemory or WriteProcessMemory request was completed. (0x12B)
[0806/232444.094:ERROR:process_memory_win.cc(73)] ReadMemory at 0x19632d47a70 of 126 bytes failed: Only part of a ReadProcessMemory or WriteProcessMemory request was completed. (0x12B)
[0806/232444.095:ERROR:process_memory_win.cc(73)] ReadMemory at 0x19632d47e50 of 132 bytes failed: Only part of a ReadProcessMemory or WriteProcessMemory request was completed. (0x12B)
[0806/232444.095:ERROR:process_memory_win.cc(73)] ReadMemory at 0x19632d47fe0 of 64 bytes failed: Only part of a ReadProcessMemory or WriteProcessMemory request was completed. (0x12B)
[0806/232444.095:ERROR:process_memory_win.cc(73)] ReadMemory at 0x19632d48440 of 132 bytes failed: Only part of a ReadProcessMemory or WriteProcessMemory request was completed. (0x12B)
[0806/232444.095:ERROR:process_memory_win.cc(73)] ReadMemory at 0x19632d485d0 of 68 bytes failed: Only part of a ReadProcessMemory or WriteProcessMemory request was completed. (0x12B)
[0806/232444.095:ERROR:process_memory_win.cc(73)] ReadMemory at 0x19632d49510 of 132 bytes failed: Only part of a ReadProcessMemory or WriteProcessMemory request was completed. (0x12B)
[0806/232444.095:ERROR:process_memory_win.cc(73)] ReadMemory at 0x19632d49640 of 132 bytes failed: Only part of a ReadProcessMemory or WriteProcessMemory request was completed. (0x12B)
[0806/232444.096:ERROR:process_memory_win.cc(73)] ReadMemory at 0x19632d49770 of 62 bytes failed: Only part of a ReadProcessMemory or WriteProcessMemory request was completed. (0x12B)
[0806/232444.096:ERROR:process_memory_win.cc(73)] ReadMemory at 0x19632d49b50 of 132 bytes failed: Only part of a ReadProcessMemory or WriteProcessMemory request was completed. (0x12B)
[0806/232444.096:ERROR:process_memory_win.cc(73)] ReadMemory at 0x19632d49ce0 of 60 bytes failed: Only part of a ReadProcessMemory or WriteProcessMemory request was completed. (0x12B)
[0806/232444.096:ERROR:process_memory_win.cc(73)] ReadMemory at 0x19632d49d30 of 158 bytes failed: Only part of a ReadProcessMemory or WriteProcessMemory request was completed. (0x12B)
[0806/232444.097:ERROR:process_memory_win.cc(73)] ReadMemory at 0x19632d49f30 of 132 bytes failed: Only part of a ReadProcessMemory or WriteProcessMemory request was completed. (0x12B)
[0806/232444.355:ERROR:process_memory_win.cc(73)] ReadMemory at 0x19632d4a0c0 of 64 bytes failed: Only part of a ReadProcessMemory or WriteProcessMemory request was completed. (0x12B)
[0806/232444.355:ERROR:process_memory_win.cc(73)] ReadMemory at 0x19632d4a340 of 132 bytes failed: Only part of a ReadProcessMemory or WriteProcessMemory request was completed. (0x12B)
[0806/232444.355:ERROR:process_memory_win.cc(73)] ReadMemory at 0x19632d4a4d0 of 64 bytes failed: Only part of a ReadProcessMemory or WriteProcessMemory request was completed. (0x12B)
[0806/232444.356:ERROR:process_memory_win.cc(73)] ReadMemory at 0x19632d4a730 of 132 bytes failed: Only part of a ReadProcessMemory or WriteProcessMemory request was completed. (0x12B)
[0806/232444.356:ERROR:process_memory_win.cc(73)] ReadMemory at 0x19632d4a8c0 of 60 bytes failed: Only part of a ReadProcessMemory or WriteProcessMemory request was completed. (0x12B)
[0806/232444.356:ERROR:process_memory_win.cc(73)] ReadMemory at 0x19632d4abd0 of 132 bytes failed: Only part of a ReadProcessMemory or WriteProcessMemory request was completed. (0x12B)
[0806/232444.356:ERROR:process_memory_win.cc(73)] ReadMemory at 0x19632d4ad60 of 60 bytes failed: Only part of a ReadProcessMemory or WriteProcessMemory request was completed. (0x12B)
[0806/232444.356:ERROR:process_memory_win.cc(73)] ReadMemory at 0x19632d4afa0 of 132 bytes failed: Only part of a ReadProcessMemory or WriteProcessMemory request was completed. (0x12B)
[0806/232444.356:ERROR:process_memory_win.cc(73)] ReadMemory at 0x19632d4b130 of 62 bytes failed: Only part of a ReadProcessMemory or WriteProcessMemory request was completed. (0x12B)
[0806/232444.357:ERROR:process_memory_win.cc(73)] ReadMemory at 0x19632d4b4b0 of 132 bytes failed: Only part of a ReadProcessMemory or WriteProcessMemory request was completed. (0x12B)
[0806/232444.357:ERROR:process_memory_win.cc(73)] ReadMemory at 0x19632d4b640 of 80 bytes failed: Only part of a ReadProcessMemory or WriteProcessMemory request was completed. (0x12B)
[0806/232444.357:ERROR:process_memory_win.cc(73)] ReadMemory at 0x19632d4dc80 of 132 bytes failed: Only part of a ReadProcessMemory or WriteProcessMemory request was completed. (0x12B)
[0806/232444.357:ERROR:process_memory_win.cc(73)] ReadMemory at 0x19632d4df80 of 78 bytes failed: Only part of a ReadProcessMemory or WriteProcessMemory request was completed. (0x12B)
[0806/232444.357:ERROR:process_memory_win.cc(73)] ReadMemory at 0x19632d4e400 of 76 bytes failed: Only part of a ReadProcessMemory or WriteProcessMemory request was completed. (0x12B)
[0806/232444.357:ERROR:process_memory_win.cc(73)] ReadMemory at 0x19632d4f200 of 132 bytes failed: Only part of a ReadProcessMemory or WriteProcessMemory request was completed. (0x12B)
[0806/232444.358:ERROR:process_memory_win.cc(73)] ReadMemory at 0x19632d4f300 of 512 bytes failed: Only part of a ReadProcessMemory or WriteProcessMemory request was completed. (0x12B)
[0806/232444.358:ERROR:process_memory_win.cc(73)] ReadMemory at 0x19632d4f570 of 132 bytes failed: Only part of a ReadProcessMemory or WriteProcessMemory request was completed. (0x12B)
[0806/232444.358:ERROR:process_memory_win.cc(73)] ReadMemory at 0x19632d4f6a0 of 62 bytes failed: Only part of a ReadProcessMemory or WriteProcessMemory request was completed. (0x12B)
[0806/232444.358:ERROR:process_memory_win.cc(73)] ReadMemory at 0x19632d4f900 of 132 bytes failed: Only part of a ReadProcessMemory or WriteProcessMemory request was completed. (0x12B)
[0806/232444.358:ERROR:process_memory_win.cc(73)] ReadMemory at 0x19632d4fa30 of 64 bytes failed: Only part of a ReadProcessMemory or WriteProcessMemory request was completed. (0x12B)
[0806/232444.359:ERROR:process_memory_win.cc(73)] ReadMemory at 0x19632d4fcc0 of 132 bytes failed: Only part of a ReadProcessMemory or WriteProcessMemory request was completed. (0x12B)
[0806/232444.359:ERROR:process_memory_win.cc(73)] ReadMemory at 0x19632d4fdf0 of 132 bytes failed: Only part of a ReadProcessMemory or WriteProcessMemory request was completed. (0x12B)
[0806/232444.359:ERROR:process_memory_win.cc(73)] ReadMemory at 0x19632d4ff20 of 132 bytes failed: Only part of a ReadProcessMemory or WriteProcessMemory request was completed. (0x12B)
[0806/232444.359:ERROR:process_memory_win.cc(73)] ReadMemory at 0x19632d50050 of 132 bytes failed: Only part of a ReadProcessMemory or WriteProcessMemory request was completed. (0x12B)
[0806/232444.360:ERROR:process_memory_win.cc(73)] ReadMemory at 0x19632d50180 of 132 bytes failed: Only part of a ReadProcessMemory or WriteProcessMemory request was completed. (0x12B)
[0806/232444.360:ERROR:process_memory_win.cc(73)] ReadMemory at 0x19632d502b0 of 132 bytes failed: Only part of a ReadProcessMemory or WriteProcessMemory request was completed. (0x12B)
[0806/232444.360:ERROR:process_memory_win.cc(73)] ReadMemory at 0x19632d503e0 of 132 bytes failed: Only part of a ReadProcessMemory or WriteProcessMemory request was completed. (0x12B)
[0806/232444.360:ERROR:process_memory_win.cc(73)] ReadMemory at 0x19632d50510 of 132 bytes failed: Only part of a ReadProcessMemory or WriteProcessMemory request was completed. (0x12B)
[0806/232444.360:ERROR:process_memory_win.cc(73)] ReadMemory at 0x19632d50640 of 132 bytes failed: Only part of a ReadProcessMemory or WriteProcessMemory request was completed. (0x12B)
[0806/232444.360:ERROR:process_memory_win.cc(73)] ReadMemory at 0x19632d50770 of 132 bytes failed: Only part of a ReadProcessMemory or WriteProcessMemory request was completed. (0x12B)
[0806/232444.361:ERROR:process_memory_win.cc(73)] ReadMemory at 0x19632d508a0 of 132 bytes failed: Only part of a ReadProcessMemory or WriteProcessMemory request was completed. (0x12B)
[0806/232444.361:ERROR:process_memory_win.cc(73)] ReadMemory at 0x19632d509d0 of 132 bytes failed: Only part of a ReadProcessMemory or WriteProcessMemory request was completed. (0x12B)
[0806/232444.361:ERROR:process_memory_win.cc(73)] ReadMemory at 0x19632d50b00 of 132 bytes failed: Only part of a ReadProcessMemory or WriteProcessMemory request was completed. (0x12B)
[0806/232444.361:ERROR:process_memory_win.cc(73)] ReadMemory at 0x19632d50d70 of 58 bytes failed: Only part of a ReadProcessMemory or WriteProcessMemory request was completed. (0x12B)
[0806/232444.361:ERROR:process_memory_win.cc(73)] ReadMemory at 0x19632d50dc0 of 66 bytes failed: Only part of a ReadProcessMemory or WriteProcessMemory request was completed. (0x12B)
[0806/232444.362:ERROR:process_memory_win.cc(73)] ReadMemory at 0x19632d50e10 of 58 bytes failed: Only part of a ReadProcessMemory or WriteProcessMemory request was completed. (0x12B)
[0806/232444.362:ERROR:process_memory_win.cc(73)] ReadMemory at 0x19632d50e60 of 62 bytes failed: Only part of a ReadProcessMemory or WriteProcessMemory request was completed. (0x12B)
[0806/232444.362:ERROR:process_memory_win.cc(73)] ReadMemory at 0x19632d50f00 of 62 bytes failed: Only part of a ReadProcessMemory or WriteProcessMemory request was completed. (0x12B)
[0806/232444.362:ERROR:process_memory_win.cc(73)] ReadMemory at 0x19632d50f50 of 66 bytes failed: Only part of a ReadProcessMemory or WriteProcessMemory request was completed. (0x12B)
[0806/232444.362:ERROR:process_memory_win.cc(73)] ReadMemory at 0x19632d50fa0 of 62 bytes failed: Only part of a ReadProcessMemory or WriteProcessMemory request was completed. (0x12B)
[0806/232444.362:ERROR:process_memory_win.cc(73)] ReadMemory at 0x19632d50ff0 of 64 bytes failed: Only part of a ReadProcessMemory or WriteProcessMemory request was completed. (0x12B)
[0806/232444.362:ERROR:process_memory_win.cc(73)] ReadMemory at 0x19632d51040 of 66 bytes failed: Only part of a ReadProcessMemory or WriteProcessMemory request was completed. (0x12B)
[0806/232444.445:ERROR:process_memory_win.cc(73)] ReadMemory at 0x19632d51180 of 62 bytes failed: Only part of a ReadProcessMemory or WriteProcessMemory request was completed. (0x12B)
[0806/232444.446:ERROR:process_memory_win.cc(73)] ReadMemory at 0x19632d51220 of 60 bytes failed: Only part of a ReadProcessMemory or WriteProcessMemory request was completed. (0x12B)
[0806/232444.499:ERROR:process_memory_win.cc(73)] ReadMemory at 0x19632d51270 of 62 bytes failed: Only part of a ReadProcessMemory or WriteProcessMemory request was completed. (0x12B)
[0806/232444.515:ERROR:process_memory_win.cc(73)] ReadMemory at 0x19632d512c0 of 60 bytes failed: Only part of a ReadProcessMemory or WriteProcessMemory request was completed. (0x12B)
[0806/232444.516:ERROR:process_memory_win.cc(73)] ReadMemory at 0x19632d52ea0 of 154 bytes failed: Only part of a ReadProcessMemory or WriteProcessMemory request was completed. (0x12B)
[0806/232444.516:ERROR:process_memory_win.cc(73)] ReadMemory at 0x19632d554b0 of 132 bytes failed: Only part of a ReadProcessMemory or WriteProcessMemory request was completed. (0x12B)
[0806/232444.517:ERROR:process_memory_win.cc(73)] ReadMemory at 0x19632d555e0 of 132 bytes failed: Only part of a ReadProcessMemory or WriteProcessMemory request was completed. (0x12B)
[0806/232444.517:ERROR:process_memory_win.cc(73)] ReadMemory at 0x19632d55840 of 132 bytes failed: Only part of a ReadProcessMemory or WriteProcessMemory request was completed. (0x12B)
[0806/232444.518:ERROR:process_memory_win.cc(73)] ReadMemory at 0x19632d55970 of 132 bytes failed: Only part of a ReadProcessMemory or WriteProcessMemory request was completed. (0x12B)
[0806/232444.518:ERROR:process_memory_win.cc(73)] ReadMemory at 0x19632d55aa0 of 132 bytes failed: Only part of a ReadProcessMemory or WriteProcessMemory request was completed. (0x12B)
[0806/232444.519:ERROR:process_memory_win.cc(73)] ReadMemory at 0x19632d55bd0 of 132 bytes failed: Only part of a ReadProcessMemory or WriteProcessMemory request was completed. (0x12B)
[0806/232444.519:ERROR:process_memory_win.cc(73)] ReadMemory at 0x19632d55d00 of 132 bytes failed: Only part of a ReadProcessMemory or WriteProcessMemory request was completed. (0x12B)
[0806/232444.519:ERROR:process_memory_win.cc(73)] ReadMemory at 0x19632d55e30 of 132 bytes failed: Only part of a ReadProcessMemory or WriteProcessMemory request was completed. (0x12B)
[0806/232444.519:ERROR:process_memory_win.cc(73)] ReadMemory at 0x19632d55f60 of 132 bytes failed: Only part of a ReadProcessMemory or WriteProcessMemory request was completed. (0x12B)
[0806/232444.520:ERROR:process_memory_win.cc(73)] ReadMemory at 0x19632d56090 of 132 bytes failed: Only part of a ReadProcessMemory or WriteProcessMemory request was completed. (0x12B)
[0806/232444.520:ERROR:process_memory_win.cc(73)] ReadMemory at 0x19632d561c0 of 132 bytes failed: Only part of a ReadProcessMemory or WriteProcessMemory request was completed. (0x12B)
[0806/232444.520:ERROR:process_memory_win.cc(73)] ReadMemory at 0x19632d562f0 of 132 bytes failed: Only part of a ReadProcessMemory or WriteProcessMemory request was completed. (0x12B)
[0806/232444.520:ERROR:process_memory_win.cc(73)] ReadMemory at 0x19632d56420 of 132 bytes failed: Only part of a ReadProcessMemory or WriteProcessMemory request was completed. (0x12B)
[0806/232444.521:ERROR:process_memory_win.cc(73)] ReadMemory at 0x19632d56550 of 132 bytes failed: Only part of a ReadProcessMemory or WriteProcessMemory request was completed. (0x12B)
[0806/232444.521:ERROR:process_memory_win.cc(73)] ReadMemory at 0x19632d56680 of 132 bytes failed: Only part of a ReadProcessMemory or WriteProcessMemory request was completed. (0x12B)
[0806/232444.521:ERROR:process_memory_win.cc(73)] ReadMemory at 0x19632d567b0 of 132 bytes failed: Only part of a ReadProcessMemory or WriteProcessMemory request was completed. (0x12B)
[0806/232444.522:ERROR:process_memory_win.cc(73)] ReadMemory at 0x19632d568e0 of 132 bytes failed: Only part of a ReadProcessMemory or WriteProcessMemory request was completed. (0x12B)
[0806/232444.522:ERROR:process_memory_win.cc(73)] ReadMemory at 0x19632d56a10 of 132 bytes failed: Only part of a ReadProcessMemory or WriteProcessMemory request was completed. (0x12B)
[0806/232444.523:ERROR:process_memory_win.cc(73)] ReadMemory at 0x19632d56b40 of 132 bytes failed: Only part of a ReadProcessMemory or WriteProcessMemory request was completed. (0x12B)
[0806/232444.523:ERROR:process_memory_win.cc(73)] ReadMemory at 0x19632d56c70 of 132 bytes failed: Only part of a ReadProcessMemory or WriteProcessMemory request was completed. (0x12B)
[0806/232444.524:ERROR:process_memory_win.cc(73)] ReadMemory at 0x19632d56da0 of 132 bytes failed: Only part of a ReadProcessMemory or WriteProcessMemory request was completed. (0x12B)
[0806/232444.524:ERROR:process_memory_win.cc(73)] ReadMemory at 0x19632d56ed0 of 132 bytes failed: Only part of a ReadProcessMemory or WriteProcessMemory request was completed. (0x12B)
[0806/232444.524:ERROR:process_memory_win.cc(73)] ReadMemory at 0x19632d57000 of 132 bytes failed: Only part of a ReadProcessMemory or WriteProcessMemory request was completed. (0x12B)
[0806/232444.524:ERROR:process_memory_win.cc(73)] ReadMemory at 0x19632d57130 of 132 bytes failed: Only part of a ReadProcessMemory or WriteProcessMemory request was completed. (0x12B)
[0806/232444.524:ERROR:process_memory_win.cc(73)] ReadMemory at 0x19632d57260 of 132 bytes failed: Only part of a ReadProcessMemory or WriteProcessMemory request was completed. (0x12B)
[0806/232444.525:ERROR:process_memory_win.cc(73)] ReadMemory at 0x19632d631f0 of 54 bytes failed: Only part of a ReadProcessMemory or WriteProcessMemory request was completed. (0x12B)
[0806/232444.525:ERROR:process_memory_win.cc(73)] ReadMemory at 0x19632d64da0 of 58 bytes failed: Only part of a ReadProcessMemory or WriteProcessMemory request was completed. (0x12B)
[0806/232444.525:ERROR:process_memory_win.cc(73)] ReadMemory at 0x19632d681c0 of 64 bytes failed: Only part of a ReadProcessMemory or WriteProcessMemory request was completed. (0x12B)
[0806/232444.526:ERROR:process_memory_win.cc(73)] ReadMemory at 0x19632d682b0 of 62 bytes failed: Only part of a ReadProcessMemory or WriteProcessMemory request was completed. (0x12B)
[0806/232444.526:ERROR:process_memory_win.cc(73)] ReadMemory at 0x19632d68300 of 60 bytes failed: Only part of a ReadProcessMemory or WriteProcessMemory request was completed. (0x12B)
[0806/232444.526:ERROR:process_memory_win.cc(73)] ReadMemory at 0x19632d683f0 of 64 bytes failed: Only part of a ReadProcessMemory or WriteProcessMemory request was completed. (0x12B)
[0806/232444.526:ERROR:process_memory_win.cc(73)] ReadMemory at 0x19632d68580 of 60 bytes failed: Only part of a ReadProcessMemory or WriteProcessMemory request was completed. (0x12B)
[0806/232444.526:ERROR:process_memory_win.cc(73)] ReadMemory at 0x19632d685d0 of 64 bytes failed: Only part of a ReadProcessMemory or WriteProcessMemory request was completed. (0x12B)
[0806/232444.526:ERROR:process_memory_win.cc(73)] ReadMemory at 0x19632d68620 of 64 bytes failed: Only part of a ReadProcessMemory or WriteProcessMemory request was completed. (0x12B)
[0806/232444.527:ERROR:process_memory_win.cc(73)] ReadMemory at 0x19632d686c0 of 56 bytes failed: Only part of a ReadProcessMemory or WriteProcessMemory request was completed. (0x12B)
[0806/232444.527:ERROR:process_memory_win.cc(73)] ReadMemory at 0x19632d68710 of 62 bytes failed: Only part of a ReadProcessMemory or WriteProcessMemory request was completed. (0x12B)
[0806/232444.527:ERROR:process_memory_win.cc(73)] ReadMemory at 0x19632d68760 of 64 bytes failed: Only part of a ReadProcessMemory or WriteProcessMemory request was completed. (0x12B)
[0806/232444.527:ERROR:process_memory_win.cc(73)] ReadMemory at 0x19632d687b0 of 58 bytes failed: Only part of a ReadProcessMemory or WriteProcessMemory request was completed. (0x12B)
[0806/232444.527:ERROR:process_memory_win.cc(73)] ReadMemory at 0x19632d68850 of 68 bytes failed: Only part of a ReadProcessMemory or WriteProcessMemory request was completed. (0x12B)
[0806/232444.527:ERROR:process_memory_win.cc(73)] ReadMemory at 0x19632d68940 of 62 bytes failed: Only part of a ReadProcessMemory or WriteProcessMemory request was completed. (0x12B)
[0806/232444.528:ERROR:process_memory_win.cc(73)] ReadMemory at 0x19632d68a80 of 64 bytes failed: Only part of a ReadProcessMemory or WriteProcessMemory request was completed. (0x12B)
[0806/232444.528:ERROR:process_memory_win.cc(73)] ReadMemory at 0x19632d68ad0 of 64 bytes failed: Only part of a ReadProcessMemory or WriteProcessMemory request was completed. (0x12B)
[0806/232444.528:ERROR:process_memory_win.cc(73)] ReadMemory at 0x19632d68b70 of 64 bytes failed: Only part of a ReadProcessMemory or WriteProcessMemory request was completed. (0x12B)
[0806/232444.528:ERROR:process_memory_win.cc(73)] ReadMemory at 0x19632d68bc0 of 60 bytes failed: Only part of a ReadProcessMemory or WriteProcessMemory request was completed. (0x12B)
[0806/232444.529:ERROR:process_memory_win.cc(73)] ReadMemory at 0x19632d68c10 of 60 bytes failed: Only part of a ReadProcessMemory or WriteProcessMemory request was completed. (0x12B)
[0806/232444.529:ERROR:process_memory_win.cc(73)] ReadMemory at 0x19632d68d50 of 62 bytes failed: Only part of a ReadProcessMemory or WriteProcessMemory request was completed. (0x12B)
[0806/232444.529:ERROR:process_memory_win.cc(73)] ReadMemory at 0x19632d68da0 of 60 bytes failed: Only part of a ReadProcessMemory or WriteProcessMemory request was completed. (0x12B)
[0806/232444.529:ERROR:process_memory_win.cc(73)] ReadMemory at 0x19632d68e40 of 62 bytes failed: Only part of a ReadProcessMemory or WriteProcessMemory request was completed. (0x12B)
[0806/232444.530:ERROR:process_memory_win.cc(73)] ReadMemory at 0x19632d68ee0 of 58 bytes failed: Only part of a ReadProcessMemory or WriteProcessMemory request was completed. (0x12B)
[0806/232444.530:ERROR:process_memory_win.cc(73)] ReadMemory at 0x19632d68f30 of 60 bytes failed: Only part of a ReadProcessMemory or WriteProcessMemory request was completed. (0x12B)
[0806/232444.530:ERROR:process_memory_win.cc(73)] ReadMemory at 0x19632d6d330 of 80 bytes failed: Only part of a ReadProcessMemory or WriteProcessMemory request was completed. (0x12B)
[0806/232444.530:ERROR:process_memory_win.cc(73)] ReadMemory at 0x19632d6e6e0 of 132 bytes failed: Only part of a ReadProcessMemory or WriteProcessMemory request was completed. (0x12B)
[0806/232444.530:ERROR:process_memory_win.cc(73)] ReadMemory at 0x19632d6e810 of 132 bytes failed: Only part of a ReadProcessMemory or WriteProcessMemory request was completed. (0x12B)
[0806/232444.530:ERROR:process_memory_win.cc(73)] ReadMemory at 0x19632d6ef30 of 132 bytes failed: Only part of a ReadProcessMemory or WriteProcessMemory request was completed. (0x12B)
[0806/232444.531:ERROR:process_memory_win.cc(73)] ReadMemory at 0x19632d6fc40 of 132 bytes failed: Only part of a ReadProcessMemory or WriteProcessMemory request was completed. (0x12B)
[0806/232444.531:ERROR:process_memory_win.cc(73)] ReadMemory at 0x19632d6fea0 of 132 bytes failed: Only part of a ReadProcessMemory or WriteProcessMemory request was completed. (0x12B)
[0806/232444.531:ERROR:process_memory_win.cc(73)] ReadMemory at 0x19632d70cb0 of 246 bytes failed: Only part of a ReadProcessMemory or WriteProcessMemory request was completed. (0x12B)
[0806/232444.531:ERROR:process_memory_win.cc(73)] ReadMemory at 0x19632d72020 of 62 bytes failed: Only part of a ReadProcessMemory or WriteProcessMemory request was completed. (0x12B)
[0806/232444.531:ERROR:process_memory_win.cc(73)] ReadMemory at 0x19632d833b0 of 512 bytes failed: Only part of a ReadProcessMemory or WriteProcessMemory request was completed. (0x12B)
[0806/232444.531:ERROR:process_memory_win.cc(73)] ReadMemory at 0x7ffb224dbe43 of 512 bytes failed: Only part of a ReadProcessMemory or WriteProcessMemory request was completed. (0x12B)
[0806/232444.532:ERROR:process_memory_win.cc(73)] ReadMemory at 0x7ffb2289a30c of 512 bytes failed: Only part of a ReadProcessMemory or WriteProcessMemory request was completed. (0x12B)
[0806/232444.532:ERROR:process_memory_win.cc(73)] ReadMemory at 0x7ffb22df0a3c of 512 bytes failed: Only part of a ReadProcessMemory or WriteProcessMemory request was completed. (0x12B)
[0806/232444.532:ERROR:process_memory_win.cc(73)] ReadMemory at 0x7ffb258df9ac of 512 bytes failed: Only part of a ReadProcessMemory or WriteProcessMemory request was completed. (0x12B)
[0806/232444.532:ERROR:process_memory_win.cc(73)] ReadMemory at 0x7ffb25ae4610 of 512 bytes failed: Only part of a ReadProcessMemory or WriteProcessMemory request was completed. (0x12B)
[0806/232444.532:ERROR:process_memory_win.cc(73)] ReadMemory at 0x7ffb5d2c583a of 512 bytes failed: Only part of a ReadProcessMemory or WriteProcessMemory request was completed. (0x12B)
[0806/232444.533:ERROR:process_memory_win.cc(73)] ReadMemory at 0x7ffb5d2c6091 of 512 bytes failed: Only part of a ReadProcessMemory or WriteProcessMemory request was completed. (0x12B)
[0806/232444.580:ERROR:process_memory_win.cc(73)] ReadMemory at 0x7ffb6a1690a9 of 512 bytes failed: Only part of a ReadProcessMemory or WriteProcessMemory request was completed. (0x12B)
[0806/232444.580:ERROR:process_memory_win.cc(73)] ReadMemory at 0x7ffb6b4e21f0 of 512 bytes failed: Only part of a ReadProcessMemory or WriteProcessMemory request was completed. (0x12B)
[0806/232444.581:ERROR:process_memory_win.cc(73)] ReadMemory at 0x7ffb6e048751 of 512 bytes failed: Only part of a ReadProcessMemory or WriteProcessMemory request was completed. (0x12B)
[0806/232444.581:ERROR:process_memory_win.cc(73)] ReadMemory at 0x7ffb6e08ff00 of 512 bytes failed: Only part of a ReadProcessMemory or WriteProcessMemory request was completed. (0x12B)
[0806/232444.581:ERROR:process_memory_win.cc(73)] ReadMemory at 0x7ffb6e0df764 of 672 bytes failed: Only part of a ReadProcessMemory or WriteProcessMemory request was completed. (0x12B)
[0806/232444.581:ERROR:process_memory_win.cc(73)] ReadMemory at 0x7ffb6e0e2ff4 of 608 bytes failed: Only part of a ReadProcessMemory or WriteProcessMemory request was completed. (0x12B)
[0806/232444.581:ERROR:process_memory_win.cc(73)] ReadMemory at 0x7ffb6e16c0c8 of 18 bytes failed: Only part of a ReadProcessMemory or WriteProcessMemory request was completed. (0x12B)
[0806/232444.581:ERROR:process_memory_win.cc(73)] ReadMemory at 0x7ffb6e19f4f8 of 40 bytes failed: Only part of a ReadProcessMemory or WriteProcessMemory request was completed. (0x12B)
[0806/232444.582:ERROR:process_memory_win.cc(73)] ReadMemory at 0x7ffb6e19f978 of 48 bytes failed: Only part of a ReadProcessMemory or WriteProcessMemory request was completed. (0x12B)
[0806/232444.582:ERROR:process_memory_win.cc(73)] ReadMemory at 0x7ffb6e1a53a0 of 64 bytes failed: Only part of a ReadProcessMemory or WriteProcessMemory request was completed. (0x12B)
[0806/232444.948:ERROR:scoped_process_suspend.cc(40)] NtResumeProcess: An attempt was made to access an exiting process. (0xc000010a)
